#
# There is insufficient memory for the Java Runtime Environment to continue.
# Native memory allocation (malloc) failed to allocate 284016 bytes. Error detail: Chunk::new
# Possible reasons:
#   The system is out of physical RAM or swap space
#   This process is running with CompressedOops enabled, and the Java Heap may be blocking the growth of the native heap
# Possible solutions:
#   Reduce memory load on the system
#   Increase physical memory or swap space
#   Check if swap backing store is full
#   Decrease Java heap size (-Xmx/-Xms)
#   Decrease Java thread stack sizes (-Xss)
#   Set larger code cache with -XX:ReservedCodeCacheSize=
#   JVM is running with Unscaled Compressed Oops mode in which the Java heap is
#     placed in the first 4GB address space. The Java Heap base address is the
#     maximum limit for the native heap growth. Please use -XX:HeapBaseMinAddress
#     to set the Java Heap base and to place the Java Heap above 4GB virtual address.
# This output file may be truncated or incomplete.
#
#  Out of Memory Error (arena.cpp:168), pid=6636, tid=6452
#
# JRE version: OpenJDK Runtime Environment Temurin-21.0.9+10 (21.0.9+10) (build 21.0.9+10-LTS)
# Java VM: OpenJDK 64-Bit Server VM Temurin-21.0.9+10 (21.0.9+10-LTS, mixed mode, sharing, tiered, compressed oops, compressed class ptrs, parallel gc, windows-amd64)
# No core dump will be written. Minidumps are not enabled by default on client versions of Windows
#

---------------  S U M M A R Y ------------

Command Line: --add-modules=ALL-SYSTEM --add-opens=java.base/java.util=ALL-UNNAMED --add-opens=java.base/java.lang=ALL-UNNAMED --add-opens=java.base/sun.nio.fs=ALL-UNNAMED -Declipse.application=org.eclipse.jdt.ls.core.id1 -Dosgi.bundles.defaultStartLevel=4 -Declipse.product=org.eclipse.jdt.ls.core.product -Djava.import.generatesMetadataFilesAtProjectRoot=false -DDetectVMInstallationsJob.disabled=true -Dfile.encoding=utf8 -XX:+UseParallelGC -XX:GCTimeRatio=4 -XX:AdaptiveSizePolicyWeight=90 -Dsun.zip.disableMemoryMapping=true -Xmx2G -Xms100m -Xlog:disable -javaagent:c:\Users\SAMSUNG\.vscode\extensions\redhat.java-1.50.0-win32-x64\lombok\lombok-1.18.39-4050.jar -XX:+HeapDumpOnOutOfMemoryError -XX:HeapDumpPath=c:\Users\SAMSUNG\AppData\Roaming\Code\User\workspaceStorage\951a9214d3b4a7655363855a88834095\redhat.java -Daether.dependencyCollector.impl=bf c:\Users\SAMSUNG\.vscode\extensions\redhat.java-1.50.0-win32-x64\server\plugins\org.eclipse.equinox.launcher_1.7.100.v20251111-0406.jar -configuration c:\Users\SAMSUNG\AppData\Roaming\Code\User\globalStorage\redhat.java\1.50.0\config_win -data c:\Users\SAMSUNG\AppData\Roaming\Code\User\workspaceStorage\951a9214d3b4a7655363855a88834095\redhat.java\jdt_ws --pipe=\\.\pipe\lsp-20c9400a38a17cdba6753678d98d3f9b-sock

Host: 11th Gen Intel(R) Core(TM) i3-1115G4 @ 3.00GHz, 4 cores, 3G,  Windows 11 , 64 bit Build 26100 (10.0.26100.7309)
Time: Sun Dec 14 11:44:12 2025 Hora oficial do Brasil elapsed time: 12.452749 seconds (0d 0h 0m 12s)

---------------  T H R E A D  ---------------

Current thread (0x000001c779a51d10):  JavaThread "C2 CompilerThread0" daemon [_thread_in_native, id=6452, stack(0x0000000fc7800000,0x0000000fc7900000) (1024K)]


Current CompileTask:
C2:12452 4115       4       sun.util.locale.BaseLocale::getInstance (150 bytes)

Stack: [0x0000000fc7800000,0x0000000fc7900000]
Native frames: (J=compiled Java code, j=interpreted, Vv=VM code, C=native code)
V  [jvm.dll+0x6d6e29]
V  [jvm.dll+0x8b4b76]
V  [jvm.dll+0x8b712e]
V  [jvm.dll+0x8b7813]
V  [jvm.dll+0x283d86]
V  [jvm.dll+0xc66ed]
V  [jvm.dll+0xc6c31]
V  [jvm.dll+0x2facee]
V  [jvm.dll+0x5fde44]
V  [jvm.dll+0x255557]
V  [jvm.dll+0x25591d]
V  [jvm.dll+0x24df40]
V  [jvm.dll+0x24b482]
V  [jvm.dll+0x1cb13e]
V  [jvm.dll+0x25b29d]
V  [jvm.dll+0x25982a]
V  [jvm.dll+0x3f7ea6]
V  [jvm.dll+0x85e9ad]
V  [jvm.dll+0x6d565d]
C  [ucrtbase.dll+0x37b0]
C  [KERNEL32.DLL+0x2e8d7]
C  [ntdll.dll+0x8c53c]


---------------  P R O C E S S  ---------------

Threads class SMR info:
_java_thread_list=0x000001c750251af0, length=21, elements={
0x000001c77032dfd0, 0x000001c779a3a600, 0x000001c779a3cec0, 0x000001c779a40690,
0x000001c779a412e0, 0x000001c779a4c470, 0x000001c779a4cec0, 0x000001c779a51d10,
0x000001c779ac0930, 0x000001c77a93ea00, 0x000001c77aa77e20, 0x000001c77f39ceb0,
0x000001c77f5e0c30, 0x000001c77f5b1b30, 0x000001c77f5fd2e0, 0x000001c77f7fd870,
0x000001c77f287930, 0x000001c77a84a3f0, 0x000001c77aa755d0, 0x000001c7504dc4d0,
0x000001c7504dbe40
}

Java Threads: ( => current thread )
  0x000001c77032dfd0 JavaThread "main"                              [_thread_blocked, id=8208, stack(0x0000000fc6d00000,0x0000000fc6e00000) (1024K)]
  0x000001c779a3a600 JavaThread "Reference Handler"          daemon [_thread_blocked, id=96, stack(0x0000000fc7200000,0x0000000fc7300000) (1024K)]
  0x000001c779a3cec0 JavaThread "Finalizer"                  daemon [_thread_blocked, id=8776, stack(0x0000000fc7300000,0x0000000fc7400000) (1024K)]
  0x000001c779a40690 JavaThread "Signal Dispatcher"          daemon [_thread_blocked, id=9332, stack(0x0000000fc7400000,0x0000000fc7500000) (1024K)]
  0x000001c779a412e0 JavaThread "Attach Listener"            daemon [_thread_blocked, id=12848, stack(0x0000000fc7500000,0x0000000fc7600000) (1024K)]
  0x000001c779a4c470 JavaThread "Service Thread"             daemon [_thread_blocked, id=6828, stack(0x0000000fc7600000,0x0000000fc7700000) (1024K)]
  0x000001c779a4cec0 JavaThread "Monitor Deflation Thread"   daemon [_thread_blocked, id=3084, stack(0x0000000fc7700000,0x0000000fc7800000) (1024K)]
=>0x000001c779a51d10 JavaThread "C2 CompilerThread0"         daemon [_thread_in_native, id=6452, stack(0x0000000fc7800000,0x0000000fc7900000) (1024K)]
  0x000001c779ac0930 JavaThread "C1 CompilerThread0"         daemon [_thread_in_native, id=2040, stack(0x0000000fc7900000,0x0000000fc7a00000) (1024K)]
  0x000001c77a93ea00 JavaThread "Common-Cleaner"             daemon [_thread_blocked, id=9024, stack(0x0000000fc7a00000,0x0000000fc7b00000) (1024K)]
  0x000001c77aa77e20 JavaThread "Notification Thread"        daemon [_thread_blocked, id=12096, stack(0x0000000fc7b00000,0x0000000fc7c00000) (1024K)]
  0x000001c77f39ceb0 JavaThread "Active Thread: Equinox Container: 29c45469-90b4-4a27-a912-0e3c778a8c95"        [_thread_blocked, id=6776, stack(0x0000000fc7f00000,0x0000000fc8000000) (1024K)]
  0x000001c77f5e0c30 JavaThread "Refresh Thread: Equinox Container: 29c45469-90b4-4a27-a912-0e3c778a8c95" daemon [_thread_blocked, id=6432, stack(0x0000000fc8000000,0x0000000fc8100000) (1024K)]
  0x000001c77f5b1b30 JavaThread "Framework Event Dispatcher: Equinox Container: 29c45469-90b4-4a27-a912-0e3c778a8c95" daemon [_thread_blocked, id=6292, stack(0x0000000fc8100000,0x0000000fc8200000) (1024K)]
  0x000001c77f5fd2e0 JavaThread "Start Level: Equinox Container: 29c45469-90b4-4a27-a912-0e3c778a8c95" daemon [_thread_in_Java, id=10424, stack(0x0000000fc8200000,0x0000000fc8300000) (1024K)]
  0x000001c77f7fd870 JavaThread "Bundle File Closer"         daemon [_thread_blocked, id=11084, stack(0x0000000fc8300000,0x0000000fc8400000) (1024K)]
  0x000001c77f287930 JavaThread "SCR Component Actor"        daemon [_thread_blocked, id=4976, stack(0x0000000fc8400000,0x0000000fc8500000) (1024K)]
  0x000001c77a84a3f0 JavaThread "Worker-JM"                         [_thread_blocked, id=13672, stack(0x0000000fc8500000,0x0000000fc8600000) (1024K)]
  0x000001c77aa755d0 JavaThread "JNA Cleaner"                daemon [_thread_blocked, id=8624, stack(0x0000000fc8600000,0x0000000fc8700000) (1024K)]
  0x000001c7504dc4d0 JavaThread "Worker-0"                          [_thread_blocked, id=11136, stack(0x0000000fc8700000,0x0000000fc8800000) (1024K)]
  0x000001c7504dbe40 JavaThread "Worker-1"                          [_thread_blocked, id=12256, stack(0x0000000fc8800000,0x0000000fc8900000) (1024K)]
Total: 21

Other Threads:
  0x000001c7703ea750 VMThread "VM Thread"                           [id=1680, stack(0x0000000fc7100000,0x0000000fc7200000) (1024K)]
  0x000001c770398a80 WatcherThread "VM Periodic Task Thread"        [id=1360, stack(0x0000000fc7000000,0x0000000fc7100000) (1024K)]
  0x000001c77034ca40 WorkerThread "GC Thread#0"                     [id=5468, stack(0x0000000fc6f00000,0x0000000fc7000000) (1024K)]
  0x000001c77f448910 WorkerThread "GC Thread#1"                     [id=7752, stack(0x0000000fc7c00000,0x0000000fc7d00000) (1024K)]
  0x000001c77f01e310 WorkerThread "GC Thread#2"                     [id=7508, stack(0x0000000fc7d00000,0x0000000fc7e00000) (1024K)]
  0x000001c77f01e6b0 WorkerThread "GC Thread#3"                     [id=10288, stack(0x0000000fc7e00000,0x0000000fc7f00000) (1024K)]
Total: 6

Threads with active compile tasks:
C2 CompilerThread0  12509 4115       4       sun.util.locale.BaseLocale::getInstance (150 bytes)
C1 CompilerThread0  12509 4153       3       aQute.bnd.header.OSGiHeader::parseHeader (532 bytes)
Total: 2

VM state: not at safepoint (normal execution)

VM Mutex/Monitor currently owned by a thread: None

Heap address: 0x0000000080000000, size: 2048 MB, Compressed Oops mode: 32-bit

CDS archive(s) mapped at: [0x000001c70f000000-0x000001c70fba0000-0x000001c70fba0000), size 12189696, SharedBaseAddress: 0x000001c70f000000, ArchiveRelocationMode: 1.
Compressed class space mapped at: 0x000001c710000000-0x000001c750000000, reserved size: 1073741824
Narrow klass base: 0x000001c70f000000, Narrow klass shift: 0, Narrow klass range: 0x100000000

GC Precious Log:
 CardTable entry size: 512
 CPUs: 4 total, 4 available
 Memory: 3819M
 Large Page Support: Disabled
 NUMA Support: Disabled
 Compressed Oops: Enabled (32-bit)
 Alignments: Space 512K, Generation 512K, Heap 2M
 Heap Min Capacity: 100M
 Heap Initial Capacity: 100M
 Heap Max Capacity: 2G
 Pre-touch: Disabled
 Parallel Workers: 4

Heap:
 PSYoungGen      total 27136K, used 8740K [0x00000000d5580000, 0x00000000d7680000, 0x0000000100000000)
  eden space 24064K, 24% used [0x00000000d5580000,0x00000000d5b54960,0x00000000d6d00000)
  from space 3072K, 90% used [0x00000000d7380000,0x00000000d76349d8,0x00000000d7680000)
  to   space 3584K, 0% used [0x00000000d6f80000,0x00000000d6f80000,0x00000000d7300000)
 ParOldGen       total 68608K, used 12846K [0x0000000080000000, 0x0000000084300000, 0x00000000d5580000)
  object space 68608K, 18% used [0x0000000080000000,0x0000000080c8b988,0x0000000084300000)
 Metaspace       used 23329K, committed 24384K, reserved 1114112K
  class space    used 2432K, committed 2880K, reserved 1048576K

Card table byte_map: [0x000001c774e10000,0x000001c775220000] _byte_map_base: 0x000001c774a10000

Marking Bits: (ParMarkBitMap*) 0x00007ffb9f8d2460
 Begin Bits: [0x000001c7754d0000, 0x000001c7774d0000)
 End Bits:   [0x000001c7774d0000, 0x000001c7794d0000)

Polling page: 0x000001c7700d0000

Metaspace:

Usage:
  Non-class:     20.41 MB used.
      Class:      2.38 MB used.
       Both:     22.78 MB used.

Virtual space:
  Non-class space:       64.00 MB reserved,      21.00 MB ( 33%) committed,  1 nodes.
      Class space:        1.00 GB reserved,       2.81 MB ( <1%) committed,  1 nodes.
             Both:        1.06 GB reserved,      23.81 MB (  2%) committed. 

Chunk freelists:
   Non-Class:  10.42 MB
       Class:  13.13 MB
        Both:  23.55 MB

MaxMetaspaceSize: unlimited
CompressedClassSpaceSize: 1.00 GB
Initial GC threshold: 21.00 MB
Current GC threshold: 35.00 MB
CDS: on
 - commit_granule_bytes: 65536.
 - commit_granule_words: 8192.
 - virtual_space_node_default_size: 8388608.
 - enlarge_chunks_in_place: 1.
 - use_allocation_guard: 0.


Internal statistics:

num_allocs_failed_limit: 3.
num_arena_births: 830.
num_arena_deaths: 14.
num_vsnodes_births: 2.
num_vsnodes_deaths: 0.
num_space_committed: 381.
num_space_uncommitted: 0.
num_chunks_returned_to_freelist: 17.
num_chunks_taken_from_freelist: 1818.
num_chunk_merges: 5.
num_chunk_splits: 1138.
num_chunks_enlarged: 650.
num_inconsistent_stats: 0.

CodeHeap 'non-profiled nmethods': size=120000Kb used=1807Kb max_used=1807Kb free=118192Kb
 bounds [0x000001c707ad0000, 0x000001c707d40000, 0x000001c70f000000]
CodeHeap 'profiled nmethods': size=120000Kb used=8488Kb max_used=8488Kb free=111511Kb
 bounds [0x000001c700000000, 0x000001c700850000, 0x000001c707530000]
CodeHeap 'non-nmethods': size=5760Kb used=1303Kb max_used=1328Kb free=4456Kb
 bounds [0x000001c707530000, 0x000001c7077a0000, 0x000001c707ad0000]
CodeCache: size=245760Kb, used=11598Kb, max_used=11623Kb, free=234159Kb
 total_blobs=4724, nmethods=4148, adapters=482, full_count=0
Compilation: enabled, stopped_count=0, restarted_count=0

Compilation events (20 events):
Event: 12.435 Thread 0x000001c779ac0930 4138       3       java.util.stream.ReferencePipeline$3::opWrapSink (10 bytes)
Event: 12.436 Thread 0x000001c779ac0930 nmethod 4138 0x000001c70083de90 code [0x000001c70083e080, 0x000001c70083e5a8]
Event: 12.436 Thread 0x000001c779ac0930 4140       3       aQute.bnd.header.OSGiHeader$$Lambda/0x000001c710128800::<init> (10 bytes)
Event: 12.436 Thread 0x000001c779ac0930 nmethod 4140 0x000001c70083e790 code [0x000001c70083e940, 0x000001c70083eac8]
Event: 12.436 Thread 0x000001c779ac0930 4142   !   3       java.util.regex.Pattern::matcher (44 bytes)
Event: 12.436 Thread 0x000001c779ac0930 nmethod 4142 0x000001c70083eb90 code [0x000001c70083ed60, 0x000001c70083f0c8]
Event: 12.437 Thread 0x000001c779ac0930 4143       3       java.util.LinkedHashMap::keySet (5 bytes)
Event: 12.437 Thread 0x000001c779ac0930 nmethod 4143 0x000001c70083f210 code [0x000001c70083f3c0, 0x000001c70083f518]
Event: 12.437 Thread 0x000001c779ac0930 4144       3       java.util.LinkedHashMap::sequencedKeySet (31 bytes)
Event: 12.437 Thread 0x000001c779ac0930 nmethod 4144 0x000001c70083f610 code [0x000001c70083f7e0, 0x000001c70083fc58]
Event: 12.437 Thread 0x000001c779ac0930 4145   !   3       org.eclipse.osgi.internal.framework.EquinoxEventPublisher::newListenerQueue (24 bytes)
Event: 12.438 Thread 0x000001c779ac0930 nmethod 4145 0x000001c70083fe10 code [0x000001c70083ffc0, 0x000001c700840260]
Event: 12.438 Thread 0x000001c779ac0930 4146       3       aQute.bnd.header.Attrs::append (24 bytes)
Event: 12.438 Thread 0x000001c779ac0930 nmethod 4146 0x000001c700840390 code [0x000001c700840580, 0x000001c700840a60]
Event: 12.438 Thread 0x000001c779ac0930 4147       3       aQute.bnd.header.Attrs::append (48 bytes)
Event: 12.439 Thread 0x000001c779ac0930 nmethod 4147 0x000001c700840b90 code [0x000001c700840e20, 0x000001c700841850]
Event: 12.439 Thread 0x000001c779ac0930 4148       3       org.eclipse.core.runtime.ServiceCaller$ReferenceAndService::bundleChanged (32 bytes)
Event: 12.439 Thread 0x000001c779ac0930 nmethod 4148 0x000001c700841c90 code [0x000001c700841ec0, 0x000001c700842678]
Event: 12.439 Thread 0x000001c779ac0930 4149       3       aQute.libg.qtokens.QuotedTokenizer::<init> (8 bytes)
Event: 12.439 Thread 0x000001c779ac0930 nmethod 4149 0x000001c700842a90 code [0x000001c700842c40, 0x000001c700842d80]

GC Heap History (18 events):
Event: 2.102 GC heap before
{Heap before GC invocations=1 (full 0):
 PSYoungGen      total 29696K, used 25600K [0x00000000d5580000, 0x00000000d7680000, 0x0000000100000000)
  eden space 25600K, 100% used [0x00000000d5580000,0x00000000d6e80000,0x00000000d6e80000)
  from space 4096K, 0% used [0x00000000d7280000,0x00000000d7280000,0x00000000d7680000)
  to   space 4096K, 0% used [0x00000000d6e80000,0x00000000d6e80000,0x00000000d7280000)
 ParOldGen       total 68608K, used 0K [0x0000000080000000, 0x0000000084300000, 0x00000000d5580000)
  object space 68608K, 0% used [0x0000000080000000,0x0000000080000000,0x0000000084300000)
 Metaspace       used 4363K, committed 4608K, reserved 1114112K
  class space    used 473K, committed 576K, reserved 1048576K
}
Event: 2.109 GC heap after
{Heap after GC invocations=1 (full 0):
 PSYoungGen      total 29696K, used 3312K [0x00000000d5580000, 0x00000000d7680000, 0x0000000100000000)
  eden space 25600K, 0% used [0x00000000d5580000,0x00000000d5580000,0x00000000d6e80000)
  from space 4096K, 80% used [0x00000000d6e80000,0x00000000d71bc148,0x00000000d7280000)
  to   space 4096K, 0% used [0x00000000d7280000,0x00000000d7280000,0x00000000d7680000)
 ParOldGen       total 68608K, used 8K [0x0000000080000000, 0x0000000084300000, 0x00000000d5580000)
  object space 68608K, 0% used [0x0000000080000000,0x0000000080002000,0x0000000084300000)
 Metaspace       used 4363K, committed 4608K, reserved 1114112K
  class space    used 473K, committed 576K, reserved 1048576K
}
Event: 3.555 GC heap before
{Heap before GC invocations=2 (full 0):
 PSYoungGen      total 29696K, used 28912K [0x00000000d5580000, 0x00000000d7680000, 0x0000000100000000)
  eden space 25600K, 100% used [0x00000000d5580000,0x00000000d6e80000,0x00000000d6e80000)
  from space 4096K, 80% used [0x00000000d6e80000,0x00000000d71bc148,0x00000000d7280000)
  to   space 4096K, 0% used [0x00000000d7280000,0x00000000d7280000,0x00000000d7680000)
 ParOldGen       total 68608K, used 8K [0x0000000080000000, 0x0000000084300000, 0x00000000d5580000)
  object space 68608K, 0% used [0x0000000080000000,0x0000000080002000,0x0000000084300000)
 Metaspace       used 8019K, committed 8320K, reserved 1114112K
  class space    used 841K, committed 960K, reserved 1048576K
}
Event: 3.573 GC heap after
{Heap after GC invocations=2 (full 0):
 PSYoungGen      total 29696K, used 4080K [0x00000000d5580000, 0x00000000d7680000, 0x0000000100000000)
  eden space 25600K, 0% used [0x00000000d5580000,0x00000000d5580000,0x00000000d6e80000)
  from space 4096K, 99% used [0x00000000d7280000,0x00000000d767c148,0x00000000d7680000)
  to   space 4096K, 0% used [0x00000000d6e80000,0x00000000d6e80000,0x00000000d7280000)
 ParOldGen       total 68608K, used 1790K [0x0000000080000000, 0x0000000084300000, 0x00000000d5580000)
  object space 68608K, 2% used [0x0000000080000000,0x00000000801bfb40,0x0000000084300000)
 Metaspace       used 8019K, committed 8320K, reserved 1114112K
  class space    used 841K, committed 960K, reserved 1048576K
}
Event: 4.325 GC heap before
{Heap before GC invocations=3 (full 0):
 PSYoungGen      total 29696K, used 29680K [0x00000000d5580000, 0x00000000d7680000, 0x0000000100000000)
  eden space 25600K, 100% used [0x00000000d5580000,0x00000000d6e80000,0x00000000d6e80000)
  from space 4096K, 99% used [0x00000000d7280000,0x00000000d767c148,0x00000000d7680000)
  to   space 4096K, 0% used [0x00000000d6e80000,0x00000000d6e80000,0x00000000d7280000)
 ParOldGen       total 68608K, used 1790K [0x0000000080000000, 0x0000000084300000, 0x00000000d5580000)
  object space 68608K, 2% used [0x0000000080000000,0x00000000801bfb40,0x0000000084300000)
 Metaspace       used 9440K, committed 9792K, reserved 1114112K
  class space    used 1007K, committed 1152K, reserved 1048576K
}
Event: 4.331 GC heap after
{Heap after GC invocations=3 (full 0):
 PSYoungGen      total 29696K, used 4066K [0x00000000d5580000, 0x00000000d7680000, 0x0000000100000000)
  eden space 25600K, 0% used [0x00000000d5580000,0x00000000d5580000,0x00000000d6e80000)
  from space 4096K, 99% used [0x00000000d6e80000,0x00000000d7278b30,0x00000000d7280000)
  to   space 4096K, 0% used [0x00000000d7280000,0x00000000d7280000,0x00000000d7680000)
 ParOldGen       total 68608K, used 4707K [0x0000000080000000, 0x0000000084300000, 0x00000000d5580000)
  object space 68608K, 6% used [0x0000000080000000,0x0000000080498d30,0x0000000084300000)
 Metaspace       used 9440K, committed 9792K, reserved 1114112K
  class space    used 1007K, committed 1152K, reserved 1048576K
}
Event: 6.270 GC heap before
{Heap before GC invocations=4 (full 0):
 PSYoungGen      total 29696K, used 29662K [0x00000000d5580000, 0x00000000d7680000, 0x0000000100000000)
  eden space 25600K, 99% used [0x00000000d5580000,0x00000000d6e7ef08,0x00000000d6e80000)
  from space 4096K, 99% used [0x00000000d6e80000,0x00000000d7278b30,0x00000000d7280000)
  to   space 4096K, 0% used [0x00000000d7280000,0x00000000d7280000,0x00000000d7680000)
 ParOldGen       total 68608K, used 4707K [0x0000000080000000, 0x0000000084300000, 0x00000000d5580000)
  object space 68608K, 6% used [0x0000000080000000,0x0000000080498d30,0x0000000084300000)
 Metaspace       used 12165K, committed 12608K, reserved 1114112K
  class space    used 1294K, committed 1472K, reserved 1048576K
}
Event: 6.282 GC heap after
{Heap after GC invocations=4 (full 0):
 PSYoungGen      total 29696K, used 4083K [0x00000000d5580000, 0x00000000d7680000, 0x0000000100000000)
  eden space 25600K, 0% used [0x00000000d5580000,0x00000000d5580000,0x00000000d6e80000)
  from space 4096K, 99% used [0x00000000d7280000,0x00000000d767cc28,0x00000000d7680000)
  to   space 4096K, 0% used [0x00000000d6e80000,0x00000000d6e80000,0x00000000d7280000)
 ParOldGen       total 68608K, used 6052K [0x0000000080000000, 0x0000000084300000, 0x00000000d5580000)
  object space 68608K, 8% used [0x0000000080000000,0x00000000805e9040,0x0000000084300000)
 Metaspace       used 12165K, committed 12608K, reserved 1114112K
  class space    used 1294K, committed 1472K, reserved 1048576K
}
Event: 9.476 GC heap before
{Heap before GC invocations=5 (full 0):
 PSYoungGen      total 29696K, used 29683K [0x00000000d5580000, 0x00000000d7680000, 0x0000000100000000)
  eden space 25600K, 100% used [0x00000000d5580000,0x00000000d6e80000,0x00000000d6e80000)
  from space 4096K, 99% used [0x00000000d7280000,0x00000000d767cc28,0x00000000d7680000)
  to   space 4096K, 0% used [0x00000000d6e80000,0x00000000d6e80000,0x00000000d7280000)
 ParOldGen       total 68608K, used 6052K [0x0000000080000000, 0x0000000084300000, 0x00000000d5580000)
  object space 68608K, 8% used [0x0000000080000000,0x00000000805e9040,0x0000000084300000)
 Metaspace       used 16221K, committed 16896K, reserved 1114112K
  class space    used 1680K, committed 1984K, reserved 1048576K
}
Event: 9.484 GC heap after
{Heap after GC invocations=5 (full 0):
 PSYoungGen      total 29184K, used 4070K [0x00000000d5580000, 0x00000000d7a00000, 0x0000000100000000)
  eden space 25088K, 0% used [0x00000000d5580000,0x00000000d5580000,0x00000000d6e00000)
  from space 4096K, 99% used [0x00000000d6e80000,0x00000000d7279bb8,0x00000000d7280000)
  to   space 6144K, 0% used [0x00000000d7400000,0x00000000d7400000,0x00000000d7a00000)
 ParOldGen       total 68608K, used 7656K [0x0000000080000000, 0x0000000084300000, 0x00000000d5580000)
  object space 68608K, 11% used [0x0000000080000000,0x000000008077a168,0x0000000084300000)
 Metaspace       used 16221K, committed 16896K, reserved 1114112K
  class space    used 1680K, committed 1984K, reserved 1048576K
}
Event: 11.524 GC heap before
{Heap before GC invocations=6 (full 0):
 PSYoungGen      total 29184K, used 29158K [0x00000000d5580000, 0x00000000d7a00000, 0x0000000100000000)
  eden space 25088K, 100% used [0x00000000d5580000,0x00000000d6e00000,0x00000000d6e00000)
  from space 4096K, 99% used [0x00000000d6e80000,0x00000000d7279bb8,0x00000000d7280000)
  to   space 6144K, 0% used [0x00000000d7400000,0x00000000d7400000,0x00000000d7a00000)
 ParOldGen       total 68608K, used 7656K [0x0000000080000000, 0x0000000084300000, 0x00000000d5580000)
  object space 68608K, 11% used [0x0000000080000000,0x000000008077a168,0x0000000084300000)
 Metaspace       used 19055K, committed 19904K, reserved 1114112K
  class space    used 2011K, committed 2368K, reserved 1048576K
}
Event: 11.531 GC heap after
{Heap after GC invocations=6 (full 0):
 PSYoungGen      total 29696K, used 4692K [0x00000000d5580000, 0x00000000d7900000, 0x0000000100000000)
  eden space 24576K, 0% used [0x00000000d5580000,0x00000000d5580000,0x00000000d6d80000)
  from space 5120K, 91% used [0x00000000d7400000,0x00000000d78953a0,0x00000000d7900000)
  to   space 5120K, 0% used [0x00000000d6f00000,0x00000000d6f00000,0x00000000d7400000)
 ParOldGen       total 68608K, used 7664K [0x0000000080000000, 0x0000000084300000, 0x00000000d5580000)
  object space 68608K, 11% used [0x0000000080000000,0x000000008077c168,0x0000000084300000)
 Metaspace       used 19055K, committed 19904K, reserved 1114112K
  class space    used 2011K, committed 2368K, reserved 1048576K
}
Event: 11.936 GC heap before
{Heap before GC invocations=7 (full 0):
 PSYoungGen      total 29696K, used 20419K [0x00000000d5580000, 0x00000000d7900000, 0x0000000100000000)
  eden space 24576K, 63% used [0x00000000d5580000,0x00000000d64dbb08,0x00000000d6d80000)
  from space 5120K, 91% used [0x00000000d7400000,0x00000000d78953a0,0x00000000d7900000)
  to   space 5120K, 0% used [0x00000000d6f00000,0x00000000d6f00000,0x00000000d7400000)
 ParOldGen       total 68608K, used 7664K [0x0000000080000000, 0x0000000084300000, 0x00000000d5580000)
  object space 68608K, 11% used [0x0000000080000000,0x000000008077c168,0x0000000084300000)
 Metaspace       used 20578K, committed 21504K, reserved 1114112K
  class space    used 2198K, committed 2624K, reserved 1048576K
}
Event: 11.943 GC heap after
{Heap after GC invocations=7 (full 0):
 PSYoungGen      total 29184K, used 4332K [0x00000000d5580000, 0x00000000d7680000, 0x0000000100000000)
  eden space 24576K, 0% used [0x00000000d5580000,0x00000000d5580000,0x00000000d6d80000)
  from space 4608K, 94% used [0x00000000d6f00000,0x00000000d733b358,0x00000000d7380000)
  to   space 3072K, 0% used [0x00000000d7380000,0x00000000d7380000,0x00000000d7680000)
 ParOldGen       total 68608K, used 9004K [0x0000000080000000, 0x0000000084300000, 0x00000000d5580000)
  object space 68608K, 13% used [0x0000000080000000,0x00000000808cb1f0,0x0000000084300000)
 Metaspace       used 20578K, committed 21504K, reserved 1114112K
  class space    used 2198K, committed 2624K, reserved 1048576K
}
Event: 11.943 GC heap before
{Heap before GC invocations=8 (full 1):
 PSYoungGen      total 29184K, used 4332K [0x00000000d5580000, 0x00000000d7680000, 0x0000000100000000)
  eden space 24576K, 0% used [0x00000000d5580000,0x00000000d5580000,0x00000000d6d80000)
  from space 4608K, 94% used [0x00000000d6f00000,0x00000000d733b358,0x00000000d7380000)
  to   space 3072K, 0% used [0x00000000d7380000,0x00000000d7380000,0x00000000d7680000)
 ParOldGen       total 68608K, used 9004K [0x0000000080000000, 0x0000000084300000, 0x00000000d5580000)
  object space 68608K, 13% used [0x0000000080000000,0x00000000808cb1f0,0x0000000084300000)
 Metaspace       used 20578K, committed 21504K, reserved 1114112K
  class space    used 2198K, committed 2624K, reserved 1048576K
}
Event: 12.046 GC heap after
{Heap after GC invocations=8 (full 1):
 PSYoungGen      total 29184K, used 0K [0x00000000d5580000, 0x00000000d7680000, 0x0000000100000000)
  eden space 24576K, 0% used [0x00000000d5580000,0x00000000d5580000,0x00000000d6d80000)
  from space 4608K, 0% used [0x00000000d6f00000,0x00000000d6f00000,0x00000000d7380000)
  to   space 3072K, 0% used [0x00000000d7380000,0x00000000d7380000,0x00000000d7680000)
 ParOldGen       total 68608K, used 12838K [0x0000000080000000, 0x0000000084300000, 0x00000000d5580000)
  object space 68608K, 18% used [0x0000000080000000,0x0000000080c89988,0x0000000084300000)
 Metaspace       used 20565K, committed 21504K, reserved 1114112K
  class space    used 2194K, committed 2624K, reserved 1048576K
}
Event: 12.313 GC heap before
{Heap before GC invocations=9 (full 1):
 PSYoungGen      total 29184K, used 24576K [0x00000000d5580000, 0x00000000d7680000, 0x0000000100000000)
  eden space 24576K, 100% used [0x00000000d5580000,0x00000000d6d80000,0x00000000d6d80000)
  from space 4608K, 0% used [0x00000000d6f00000,0x00000000d6f00000,0x00000000d7380000)
  to   space 3072K, 0% used [0x00000000d7380000,0x00000000d7380000,0x00000000d7680000)
 ParOldGen       total 68608K, used 12838K [0x0000000080000000, 0x0000000084300000, 0x00000000d5580000)
  object space 68608K, 18% used [0x0000000080000000,0x0000000080c89988,0x0000000084300000)
 Metaspace       used 22483K, committed 23488K, reserved 1114112K
  class space    used 2366K, committed 2752K, reserved 1048576K
}
Event: 12.315 GC heap after
{Heap after GC invocations=9 (full 1):
 PSYoungGen      total 27136K, used 2770K [0x00000000d5580000, 0x00000000d7680000, 0x0000000100000000)
  eden space 24064K, 0% used [0x00000000d5580000,0x00000000d5580000,0x00000000d6d00000)
  from space 3072K, 90% used [0x00000000d7380000,0x00000000d76349d8,0x00000000d7680000)
  to   space 3584K, 0% used [0x00000000d6f80000,0x00000000d6f80000,0x00000000d7300000)
 ParOldGen       total 68608K, used 12846K [0x0000000080000000, 0x0000000084300000, 0x00000000d5580000)
  object space 68608K, 18% used [0x0000000080000000,0x0000000080c8b988,0x0000000084300000)
 Metaspace       used 22483K, committed 23488K, reserved 1114112K
  class space    used 2366K, committed 2752K, reserved 1048576K
}

Dll operation events (10 events):
Event: 0.038 Loaded shared library c:\Users\SAMSUNG\.vscode\extensions\redhat.java-1.50.0-win32-x64\jre\21.0.9-win32-x86_64\bin\java.dll
Event: 0.388 Loaded shared library c:\Users\SAMSUNG\.vscode\extensions\redhat.java-1.50.0-win32-x64\jre\21.0.9-win32-x86_64\bin\zip.dll
Event: 0.467 Loaded shared library C:\Users\SAMSUNG\.vscode\extensions\redhat.java-1.50.0-win32-x64\jre\21.0.9-win32-x86_64\bin\instrument.dll
Event: 0.553 Loaded shared library C:\Users\SAMSUNG\.vscode\extensions\redhat.java-1.50.0-win32-x64\jre\21.0.9-win32-x86_64\bin\net.dll
Event: 0.561 Loaded shared library C:\Users\SAMSUNG\.vscode\extensions\redhat.java-1.50.0-win32-x64\jre\21.0.9-win32-x86_64\bin\nio.dll
Event: 0.565 Loaded shared library C:\Users\SAMSUNG\.vscode\extensions\redhat.java-1.50.0-win32-x64\jre\21.0.9-win32-x86_64\bin\zip.dll
Event: 0.589 Loaded shared library C:\Users\SAMSUNG\.vscode\extensions\redhat.java-1.50.0-win32-x64\jre\21.0.9-win32-x86_64\bin\jimage.dll
Event: 0.905 Loaded shared library c:\Users\SAMSUNG\.vscode\extensions\redhat.java-1.50.0-win32-x64\jre\21.0.9-win32-x86_64\bin\verify.dll
Event: 3.578 Loaded shared library C:\Users\SAMSUNG\AppData\Roaming\Code\User\globalStorage\redhat.java\1.50.0\config_win\org.eclipse.equinox.launcher\org.eclipse.equinox.launcher.win32.win32.x86_64_1.2.1400.v20250801-0854\eclipse_11916.dll
Event: 10.574 Loaded shared library C:\Users\SAMSUNG\AppData\Local\Temp\jna--1712043046\jna3000592263259132523.dll

Deoptimization events (20 events):
Event: 12.063 Thread 0x000001c77f5fd2e0 DEOPT PACKING pc=0x000001c707c2d878 sp=0x0000000fc82f2760
Event: 12.063 Thread 0x000001c77f5fd2e0 DEOPT UNPACKING pc=0x000001c707586da2 sp=0x0000000fc82f2570 mode 2
Event: 12.090 Thread 0x000001c77f5fd2e0 Uncommon trap: trap_request=0xffffff45 fr.pc=0x000001c707c48ecc relative=0x00000000000001ac
Event: 12.090 Thread 0x000001c77f5fd2e0 Uncommon trap: reason=unstable_if action=reinterpret pc=0x000001c707c48ecc method=jdk.internal.org.objectweb.asm.Frame.push(I)V @ 26 c2
Event: 12.090 Thread 0x000001c77f5fd2e0 DEOPT PACKING pc=0x000001c707c48ecc sp=0x0000000fc82f1890
Event: 12.090 Thread 0x000001c77f5fd2e0 DEOPT UNPACKING pc=0x000001c707586da2 sp=0x0000000fc82f1818 mode 2
Event: 12.100 Thread 0x000001c77f5fd2e0 Uncommon trap: trap_request=0xffffff45 fr.pc=0x000001c707c210f0 relative=0x0000000000000a90
Event: 12.100 Thread 0x000001c77f5fd2e0 Uncommon trap: reason=unstable_if action=reinterpret pc=0x000001c707c210f0 method=sun.security.provider.SHA.implCompress0([BI)V @ 4 c2
Event: 12.100 Thread 0x000001c77f5fd2e0 DEOPT PACKING pc=0x000001c707c210f0 sp=0x0000000fc82f1fb0
Event: 12.100 Thread 0x000001c77f5fd2e0 DEOPT UNPACKING pc=0x000001c707586da2 sp=0x0000000fc82f1f20 mode 2
Event: 12.379 Thread 0x000001c77f5fd2e0 DEOPT PACKING pc=0x000001c7005e793e sp=0x0000000fc82f9550
Event: 12.379 Thread 0x000001c77f5fd2e0 DEOPT UNPACKING pc=0x000001c7075878e2 sp=0x0000000fc82f8a90 mode 0
Event: 12.379 Thread 0x000001c77f5fd2e0 DEOPT PACKING pc=0x000001c7005e793e sp=0x0000000fc82f9550
Event: 12.379 Thread 0x000001c77f5fd2e0 DEOPT UNPACKING pc=0x000001c7075878e2 sp=0x0000000fc82f8a90 mode 0
Event: 12.392 Thread 0x000001c77f5fd2e0 DEOPT PACKING pc=0x000001c7005e793e sp=0x0000000fc82f9550
Event: 12.392 Thread 0x000001c77f5fd2e0 DEOPT UNPACKING pc=0x000001c7075878e2 sp=0x0000000fc82f8a90 mode 0
Event: 12.430 Thread 0x000001c77f5fd2e0 Uncommon trap: trap_request=0xffffff45 fr.pc=0x000001c707c0f790 relative=0x0000000000000410
Event: 12.430 Thread 0x000001c77f5fd2e0 Uncommon trap: reason=unstable_if action=reinterpret pc=0x000001c707c0f790 method=java.util.regex.Pattern$BmpCharPropertyGreedy.match(Ljava/util/regex/Matcher;ILjava/lang/CharSequence;)Z @ 12 c2
Event: 12.430 Thread 0x000001c77f5fd2e0 DEOPT PACKING pc=0x000001c707c0f790 sp=0x0000000fc82fdfe0
Event: 12.430 Thread 0x000001c77f5fd2e0 DEOPT UNPACKING pc=0x000001c707586da2 sp=0x0000000fc82fdf68 mode 2

Classes loaded (20 events):
Event: 12.412 Loading class java/util/zip/DataFormatException
Event: 12.413 Loading class java/util/zip/DataFormatException done
Event: 12.415 Loading class sun/nio/cs/UTF_8$Encoder
Event: 12.416 Loading class sun/nio/cs/UTF_8$Encoder done
Event: 12.422 Loading class java/io/PrintWriter$1
Event: 12.423 Loading class jdk/internal/access/JavaIOPrintWriterAccess
Event: 12.423 Loading class jdk/internal/access/JavaIOPrintWriterAccess done
Event: 12.423 Loading class java/io/PrintWriter$1 done
Event: 12.423 Loading class java/lang/Throwable$WrappedPrintWriter
Event: 12.423 Loading class java/lang/Throwable$PrintStreamOrWriter
Event: 12.423 Loading class java/lang/Throwable$PrintStreamOrWriter done
Event: 12.423 Loading class java/lang/Throwable$WrappedPrintWriter done
Event: 12.446 Loading class sun/util/locale/provider/TimeZoneNameUtility
Event: 12.446 Loading class sun/util/locale/provider/TimeZoneNameUtility done
Event: 12.446 Loading class sun/util/locale/provider/TimeZoneNameUtility$TimeZoneNameGetter
Event: 12.446 Loading class sun/util/locale/provider/TimeZoneNameUtility$TimeZoneNameGetter done
Event: 12.447 Loading class sun/util/cldr/CLDRTimeZoneNameProviderImpl
Event: 12.447 Loading class sun/util/locale/provider/TimeZoneNameProviderImpl
Event: 12.447 Loading class sun/util/locale/provider/TimeZoneNameProviderImpl done
Event: 12.447 Loading class sun/util/cldr/CLDRTimeZoneNameProviderImpl done

Classes unloaded (7 events):
Event: 11.955 Thread 0x000001c7703ea750 Unloading class 0x000001c7101ac000 'java/lang/invoke/LambdaForm$MH+0x000001c7101ac000'
Event: 11.955 Thread 0x000001c7703ea750 Unloading class 0x000001c7101abc00 'java/lang/invoke/LambdaForm$MH+0x000001c7101abc00'
Event: 11.955 Thread 0x000001c7703ea750 Unloading class 0x000001c7101ab800 'java/lang/invoke/LambdaForm$MH+0x000001c7101ab800'
Event: 11.955 Thread 0x000001c7703ea750 Unloading class 0x000001c7101ab400 'java/lang/invoke/LambdaForm$MH+0x000001c7101ab400'
Event: 11.955 Thread 0x000001c7703ea750 Unloading class 0x000001c7101ab000 'java/lang/invoke/LambdaForm$BMH+0x000001c7101ab000'
Event: 11.955 Thread 0x000001c7703ea750 Unloading class 0x000001c7101aac00 'java/lang/invoke/LambdaForm$DMH+0x000001c7101aac00'
Event: 11.955 Thread 0x000001c7703ea750 Unloading class 0x000001c7101a9800 'java/lang/invoke/LambdaForm$DMH+0x000001c7101a9800'

Classes redefined (0 events):
No events

Internal exceptions (20 events):
Event: 11.916 Thread 0x000001c77f5fd2e0 Exception <a 'java/lang/NoSuchMethodError'{0x00000000d63b2808}: 'int java.lang.invoke.DirectMethodHandle$Holder.invokeStaticInit(java.lang.Object, long, long)'> (0x00000000d63b2808) 
thrown [s\src\hotspot\share\interpreter\linkResolver.cpp, line 773]
Event: 11.916 Thread 0x000001c77f5fd2e0 Exception <a 'java/lang/NoSuchMethodError'{0x00000000d63ba1c0}: 'int java.lang.invoke.DirectMethodHandle$Holder.invokeStaticInit(java.lang.Object, float, float)'> (0x00000000d63ba1c0) 
thrown [s\src\hotspot\share\interpreter\linkResolver.cpp, line 773]
Event: 11.916 Thread 0x000001c77f5fd2e0 Exception <a 'java/lang/NoSuchMethodError'{0x00000000d63c1b70}: 'int java.lang.invoke.DirectMethodHandle$Holder.invokeStaticInit(java.lang.Object, double, double)'> (0x00000000d63c1b70) 
thrown [s\src\hotspot\share\interpreter\linkResolver.cpp, line 773]
Event: 11.917 Thread 0x000001c77f5fd2e0 Exception <a 'java/lang/NoSuchMethodError'{0x00000000d63c6f88}: 'int java.lang.invoke.DirectMethodHandle$Holder.invokeStatic(java.lang.Object, long)'> (0x00000000d63c6f88) 
thrown [s\src\hotspot\share\interpreter\linkResolver.cpp, line 773]
Event: 11.918 Thread 0x000001c77f5fd2e0 Exception <a 'java/lang/NoSuchMethodError'{0x00000000d63d8b20}: 'int java.lang.invoke.DirectMethodHandle$Holder.invokeSpecial(java.lang.Object, java.lang.Object, int, int)'> (0x00000000d63d8b20) 
thrown [s\src\hotspot\share\interpreter\linkResolver.cpp, line 773]
Event: 11.919 Thread 0x000001c77f5fd2e0 Exception <a 'java/lang/NoSuchMethodError'{0x00000000d63e72b0}: 'int java.lang.invoke.Invokers$Holder.linkToTargetMethod(java.lang.Object, java.lang.Object)'> (0x00000000d63e72b0) 
thrown [s\src\hotspot\share\interpreter\linkResolver.cpp, line 773]
Event: 12.064 Thread 0x000001c77f5fd2e0 Exception <a 'java/lang/NoSuchMethodError'{0x00000000d55df310}: 'java.lang.Object java.lang.invoke.Invokers$Holder.invoke_MT(java.lang.Object, java.lang.Object, java.lang.Object, java.lang.Object, java.lang.Object, java.lang.Object, java.lang.Object, java.lang.Object, java.lang.Object, java.lang.Object, java.lang.Object)'> (0x00000000d55df310) 
thrown [s\src\hotspot\share\interpreter\linkResolver.cpp, line 773]
Event: 12.077 Thread 0x000001c77f5fd2e0 Exception <a 'java/lang/NoSuchMethodError'{0x00000000d567ec18}: 'java.lang.Object java.lang.invoke.Invokers$Holder.invoke_MT(java.lang.Object, java.lang.Object, java.lang.Object, java.lang.Object, java.lang.Object, java.lang.Object, java.lang.Object, java.lang.Object, java.lang.Object, java.lang.Object)'> (0x00000000d567ec18) 
thrown [s\src\hotspot\share\interpreter\linkResolver.cpp, line 773]
Event: 12.084 Thread 0x000001c77f5fd2e0 Exception <a 'java/lang/NoSuchMethodError'{0x00000000d5729080}: 'java.lang.Object java.lang.invoke.DirectMethodHandle$Holder.newInvokeSpecial(java.lang.Object, java.lang.Object, java.lang.Object, java.lang.Object, java.lang.Object, java.lang.Object, java.lang.Object)'> (0x00000000d5729080) 
thrown [s\src\hotspot\share\interpreter\linkResolver.cpp, line 773]
Event: 12.091 Thread 0x000001c77f5fd2e0 Exception <a 'java/lang/NoSuchMethodError'{0x00000000d57a10d0}: 'java.lang.Object java.lang.invoke.Invokers$Holder.invoker(java.lang.Object, java.lang.Object, java.lang.Object, java.lang.Object, java.lang.Object, java.lang.Object, java.lang.Object, java.lang.Object, java.lang.Object, java.lang.Object, java.lang.Object, java.lang.Object, java.lang.Object)'> (0x00000000d57a10d0) 
thrown [s\src\hotspot\share\interpreter\linkResolver.cpp, line 773]
Event: 12.092 Thread 0x000001c77f5fd2e0 Exception <a 'java/lang/NoSuchMethodError'{0x00000000d57ab568}: 'java.lang.Object java.lang.invoke.DelegatingMethodHandle$Holder.delegate(java.lang.Object, java.lang.Object, java.lang.Object, java.lang.Object, java.lang.Object, java.lang.Object, java.lang.Object, java.lang.Object, java.lang.Object, java.lang.Object, java.lang.Object, java.lang.Object, java.lang.Object)'> (0x00000000d57ab568) 
thrown [s\src\hotspot\share\interpreter\linkResolver.cpp, line 773]
Event: 12.100 Thread 0x000001c77f5fd2e0 Exception <a 'java/lang/NoSuchMethodError'{0x00000000d5817050}: static Lorg/eclipse/m2e/core/internal/lifecyclemapping/model/PluginExecutionMetadata;.<clinit>()V> (0x00000000d5817050) 
thrown [s\src\hotspot\share\prims\jni.cpp, line 1111]
Event: 12.100 Thread 0x000001c77f5fd2e0 Implicit null exception at 0x000001c707c206a4 to 0x000001c707c210d4
Event: 12.106 Thread 0x000001c77f5fd2e0 Exception <a 'java/lang/NoSuchMethodError'{0x00000000d5876cb8}: static Lorg/eclipse/m2e/core/internal/lifecyclemapping/model/PluginExecutionFilter;.<clinit>()V> (0x00000000d5876cb8) 
thrown [s\src\hotspot\share\prims\jni.cpp, line 1111]
Event: 12.112 Thread 0x000001c77f5fd2e0 Exception <a 'java/lang/NoSuchMethodError'{0x00000000d58a6898}: static Lorg/eclipse/m2e/core/internal/project/registry/MavenProjectFacade$MavenProjectConfiguration;.<clinit>()V> (0x00000000d58a6898) 
thrown [s\src\hotspot\share\prims\jni.cpp, line 1111]
Event: 12.204 Thread 0x000001c77f5fd2e0 Exception <a 'java/lang/NoSuchMethodError'{0x00000000d5e17ba0}: 'double java.lang.invoke.DirectMethodHandle$Holder.invokeStatic(java.lang.Object, java.lang.Object)'> (0x00000000d5e17ba0) 
thrown [s\src\hotspot\share\interpreter\linkResolver.cpp, line 773]
Event: 12.204 Thread 0x000001c77f5fd2e0 Exception <a 'java/lang/NoSuchMethodError'{0x00000000d5e1b260}: 'double java.lang.invoke.DirectMethodHandle$Holder.invokeStaticInit(java.lang.Object, java.lang.Object)'> (0x00000000d5e1b260) 
thrown [s\src\hotspot\share\interpreter\linkResolver.cpp, line 773]
Event: 12.412 Thread 0x000001c77f5fd2e0 Exception <a 'java/io/IOException'{0x00000000d584b8b8}> (0x00000000d584b8b8) 
thrown [s\src\hotspot\share\prims\jni.cpp, line 520]
Event: 12.413 Thread 0x000001c77f5fd2e0 Exception <a 'java/io/IOException'{0x00000000d58583d8}> (0x00000000d58583d8) 
thrown [s\src\hotspot\share\prims\jni.cpp, line 520]
Event: 12.429 Thread 0x000001c77f5fd2e0 Exception <a 'java/lang/NoClassDefFoundError'{0x00000000d588c2b8}: org/eclipse/jdt/core/WorkingCopyOwner> (0x00000000d588c2b8) 
thrown [s\src\hotspot\share\classfile\systemDictionary.cpp, line 301]

ZGC Phase Switch (0 events):
No events

VM Operations (20 events):
Event: 10.588 Executing VM operation: HandshakeAllThreads (Deoptimize)
Event: 10.588 Executing VM operation: HandshakeAllThreads (Deoptimize) done
Event: 10.588 Executing VM operation: Cleanup
Event: 10.589 Executing VM operation: Cleanup done
Event: 11.074 Executing VM operation: HandshakeAllThreads (Deoptimize)
Event: 11.074 Executing VM operation: HandshakeAllThreads (Deoptimize) done
Event: 11.204 Executing VM operation: HandshakeAllThreads (Deoptimize)
Event: 11.204 Executing VM operation: HandshakeAllThreads (Deoptimize) done
Event: 11.214 Executing VM operation: HandshakeAllThreads (Deoptimize)
Event: 11.214 Executing VM operation: HandshakeAllThreads (Deoptimize) done
Event: 11.335 Executing VM operation: ICBufferFull
Event: 11.335 Executing VM operation: ICBufferFull done
Event: 11.524 Executing VM operation: ParallelGCFailedAllocation (Allocation Failure)
Event: 11.531 Executing VM operation: ParallelGCFailedAllocation (Allocation Failure) done
Event: 11.887 Executing VM operation: HandshakeAllThreads (Deoptimize)
Event: 11.887 Executing VM operation: HandshakeAllThreads (Deoptimize) done
Event: 11.936 Executing VM operation: CollectForMetadataAllocation (Metadata GC Threshold)
Event: 12.046 Executing VM operation: CollectForMetadataAllocation (Metadata GC Threshold) done
Event: 12.313 Executing VM operation: ParallelGCFailedAllocation (Allocation Failure)
Event: 12.315 Executing VM operation: ParallelGCFailedAllocation (Allocation Failure) done

Memory protections (0 events):
No events

Nmethod flushes (0 events):
No events

Events (20 events):
Event: 0.127 Thread 0x000001c77032dfd0 Thread added: 0x000001c779a3a600
Event: 0.128 Thread 0x000001c77032dfd0 Thread added: 0x000001c779a3cec0
Event: 0.130 Thread 0x000001c77032dfd0 Thread added: 0x000001c779a40690
Event: 0.131 Thread 0x000001c77032dfd0 Thread added: 0x000001c779a412e0
Event: 0.138 Thread 0x000001c77032dfd0 Thread added: 0x000001c779a4c470
Event: 0.138 Thread 0x000001c77032dfd0 Thread added: 0x000001c779a4cec0
Event: 0.138 Thread 0x000001c77032dfd0 Thread added: 0x000001c779a51d10
Event: 0.166 Thread 0x000001c77032dfd0 Thread added: 0x000001c779ac0930
Event: 0.470 Thread 0x000001c77032dfd0 Thread added: 0x000001c77a93ea00
Event: 1.105 Thread 0x000001c77032dfd0 Thread added: 0x000001c77aa77e20
Event: 3.299 Thread 0x000001c77032dfd0 Thread added: 0x000001c77f39ceb0
Event: 3.547 Thread 0x000001c77032dfd0 Thread added: 0x000001c77f5e0c30
Event: 3.638 Thread 0x000001c77f5e0c30 Thread added: 0x000001c77f5b1b30
Event: 3.645 Thread 0x000001c77032dfd0 Thread added: 0x000001c77f5fd2e0
Event: 4.439 Thread 0x000001c77f5fd2e0 Thread added: 0x000001c77f7fd870
Event: 5.930 Thread 0x000001c77f5fd2e0 Thread added: 0x000001c77f287930
Event: 7.090 Thread 0x000001c77f5fd2e0 Thread added: 0x000001c77a84a3f0
Event: 10.621 Thread 0x000001c77f5fd2e0 Thread added: 0x000001c77aa755d0
Event: 10.724 Thread 0x000001c77f5fd2e0 Thread added: 0x000001c7504dc4d0
Event: 10.821 Thread 0x000001c77f5fd2e0 Thread added: 0x000001c7504dbe40


Dynamic libraries:
0x00007ff6bbc70000 - 0x00007ff6bbc7e000 	c:\Users\SAMSUNG\.vscode\extensions\redhat.java-1.50.0-win32-x64\jre\21.0.9-win32-x86_64\bin\java.exe
0x00007ffc0ad20000 - 0x00007ffc0af87000 	C:\WINDOWS\SYSTEM32\ntdll.dll
0x00007ffc08d00000 - 0x00007ffc08dc9000 	C:\WINDOWS\System32\KERNEL32.DLL
0x00007ffc08190000 - 0x00007ffc0857f000 	C:\WINDOWS\System32\KERNELBASE.dll
0x00007ffc08740000 - 0x00007ffc0888b000 	C:\WINDOWS\System32\ucrtbase.dll
0x00007ffbf1490000 - 0x00007ffbf14a8000 	c:\Users\SAMSUNG\.vscode\extensions\redhat.java-1.50.0-win32-x64\jre\21.0.9-win32-x86_64\bin\jli.dll
0x00007ffc0a8e0000 - 0x00007ffc0aaa5000 	C:\WINDOWS\System32\USER32.dll
0x00007ffc08590000 - 0x00007ffc085b7000 	C:\WINDOWS\System32\win32u.dll
0x00007ffc08c50000 - 0x00007ffc08c7b000 	C:\WINDOWS\System32\GDI32.dll
0x00007ffc07fb0000 - 0x00007ffc080dc000 	C:\WINDOWS\System32\gdi32full.dll
0x00007ffc07f00000 - 0x00007ffc07fa3000 	C:\WINDOWS\System32\msvcp_win.dll
0x00007ffbf1470000 - 0x00007ffbf148e000 	c:\Users\SAMSUNG\.vscode\extensions\redhat.java-1.50.0-win32-x64\jre\21.0.9-win32-x86_64\bin\VCRUNTIME140.dll
0x00007ffbf2810000 - 0x00007ffbf2aa3000 	C:\WINDOWS\WinSxS\amd64_microsoft.windows.common-controls_6595b64144ccf1df_6.0.26100.7309_none_3e05feeae336a044\COMCTL32.dll
0x00007ffc09d80000 - 0x00007ffc09e29000 	C:\WINDOWS\System32\msvcrt.dll
0x00007ffc0aac0000 - 0x00007ffc0aaf1000 	C:\WINDOWS\System32\IMM32.DLL
0x00007ffbf5e70000 - 0x00007ffbf5e7c000 	c:\Users\SAMSUNG\.vscode\extensions\redhat.java-1.50.0-win32-x64\jre\21.0.9-win32-x86_64\bin\vcruntime140_1.dll
0x00007ffbe9710000 - 0x00007ffbe979d000 	c:\Users\SAMSUNG\.vscode\extensions\redhat.java-1.50.0-win32-x64\jre\21.0.9-win32-x86_64\bin\msvcp140.dll
0x00007ffb9ec10000 - 0x00007ffb9f9b0000 	c:\Users\SAMSUNG\.vscode\extensions\redhat.java-1.50.0-win32-x64\jre\21.0.9-win32-x86_64\bin\server\jvm.dll
0x00007ffc09f70000 - 0x00007ffc0a024000 	C:\WINDOWS\System32\ADVAPI32.dll
0x00007ffc08f10000 - 0x00007ffc08fb6000 	C:\WINDOWS\System32\sechost.dll
0x00007ffc0ab00000 - 0x00007ffc0ac18000 	C:\WINDOWS\System32\RPCRT4.dll
0x00007ffc08dd0000 - 0x00007ffc08e44000 	C:\WINDOWS\System32\WS2_32.dll
0x00007ffc07cd0000 - 0x00007ffc07d2e000 	C:\WINDOWS\SYSTEM32\POWRPROF.dll
0x00007ffbf0c00000 - 0x00007ffbf0c35000 	C:\WINDOWS\SYSTEM32\WINMM.dll
0x00007ffbf43d0000 - 0x00007ffbf43db000 	C:\WINDOWS\SYSTEM32\VERSION.dll
0x00007ffc07cb0000 - 0x00007ffc07cc4000 	C:\WINDOWS\SYSTEM32\UMPDC.dll
0x00007ffc06c20000 - 0x00007ffc06c3b000 	C:\WINDOWS\SYSTEM32\kernel.appcore.dll
0x00007ffbf1f30000 - 0x00007ffbf1f3a000 	c:\Users\SAMSUNG\.vscode\extensions\redhat.java-1.50.0-win32-x64\jre\21.0.9-win32-x86_64\bin\jimage.dll
0x00007ffc05550000 - 0x00007ffc05792000 	C:\WINDOWS\SYSTEM32\DBGHELP.DLL
0x00007ffc09280000 - 0x00007ffc09605000 	C:\WINDOWS\System32\combase.dll
0x00007ffc09e30000 - 0x00007ffc09f06000 	C:\WINDOWS\System32\OLEAUT32.dll
0x00007ffbe8890000 - 0x00007ffbe88cc000 	C:\WINDOWS\SYSTEM32\dbgcore.DLL
0x00007ffc080e0000 - 0x00007ffc08185000 	C:\WINDOWS\System32\bcryptPrimitives.dll
0x00007ffbef360000 - 0x00007ffbef36f000 	c:\Users\SAMSUNG\.vscode\extensions\redhat.java-1.50.0-win32-x64\jre\21.0.9-win32-x86_64\bin\instrument.dll
0x00007ffbf1400000 - 0x00007ffbf1420000 	c:\Users\SAMSUNG\.vscode\extensions\redhat.java-1.50.0-win32-x64\jre\21.0.9-win32-x86_64\bin\java.dll
0x00007ffc09610000 - 0x00007ffc09d63000 	C:\WINDOWS\System32\SHELL32.dll
0x00007ffc08950000 - 0x00007ffc08aba000 	C:\WINDOWS\System32\wintypes.dll
0x00007ffc05a50000 - 0x00007ffc062ae000 	C:\WINDOWS\SYSTEM32\windows.storage.dll
0x00007ffc0a350000 - 0x00007ffc0a445000 	C:\WINDOWS\System32\SHCORE.dll
0x00007ffc08fc0000 - 0x00007ffc09026000 	C:\WINDOWS\System32\shlwapi.dll
0x00007ffc07d90000 - 0x00007ffc07db9000 	C:\WINDOWS\SYSTEM32\profapi.dll
0x00007ffbe9ec0000 - 0x00007ffbe9ed8000 	c:\Users\SAMSUNG\.vscode\extensions\redhat.java-1.50.0-win32-x64\jre\21.0.9-win32-x86_64\bin\zip.dll
0x00007ffbf18a0000 - 0x00007ffbf18b0000 	C:\Users\SAMSUNG\.vscode\extensions\redhat.java-1.50.0-win32-x64\jre\21.0.9-win32-x86_64\bin\net.dll
0x00007ffbf92d0000 - 0x00007ffbf93f8000 	C:\WINDOWS\SYSTEM32\WINHTTP.dll
0x00007ffc07190000 - 0x00007ffc071fb000 	C:\WINDOWS\system32\mswsock.dll
0x00007ffbe9ea0000 - 0x00007ffbe9eb6000 	C:\Users\SAMSUNG\.vscode\extensions\redhat.java-1.50.0-win32-x64\jre\21.0.9-win32-x86_64\bin\nio.dll
0x00007ffbe99a0000 - 0x00007ffbe99b0000 	c:\Users\SAMSUNG\.vscode\extensions\redhat.java-1.50.0-win32-x64\jre\21.0.9-win32-x86_64\bin\verify.dll
0x00007ffbe0cf0000 - 0x00007ffbe0d34000 	C:\Users\SAMSUNG\AppData\Roaming\Code\User\globalStorage\redhat.java\1.50.0\config_win\org.eclipse.equinox.launcher\org.eclipse.equinox.launcher.win32.win32.x86_64_1.2.1400.v20250801-0854\eclipse_11916.dll
0x00007ffc0a130000 - 0x00007ffc0a2c7000 	C:\WINDOWS\System32\ole32.dll
0x00007ffc07450000 - 0x00007ffc0746b000 	C:\WINDOWS\SYSTEM32\CRYPTSP.dll
0x00007ffc06b80000 - 0x00007ffc06bba000 	C:\WINDOWS\system32\rsaenh.dll
0x00007ffc07240000 - 0x00007ffc0726b000 	C:\WINDOWS\SYSTEM32\USERENV.dll
0x00007ffc07d60000 - 0x00007ffc07d8a000 	C:\WINDOWS\SYSTEM32\bcrypt.dll
0x00007ffc07470000 - 0x00007ffc0747c000 	C:\WINDOWS\SYSTEM32\CRYPTBASE.dll
0x00007ffc06760000 - 0x00007ffc06794000 	C:\WINDOWS\SYSTEM32\IPHLPAPI.DLL
0x00007ffc09030000 - 0x00007ffc0903a000 	C:\WINDOWS\System32\NSI.dll
0x00007ffbe0c50000 - 0x00007ffbe0c99000 	C:\Users\SAMSUNG\AppData\Local\Temp\jna--1712043046\jna3000592263259132523.dll
0x00007ffc09270000 - 0x00007ffc09278000 	C:\WINDOWS\System32\PSAPI.DLL

JVMTI agents:
c:\Users\SAMSUNG\.vscode\extensions\redhat.java-1.50.0-win32-x64\lombok\lombok-1.18.39-4050.jar path:c:\Users\SAMSUNG\.vscode\extensions\redhat.java-1.50.0-win32-x64\jre\21.0.9-win32-x86_64\bin\instrument.dll, loaded, initialized, instrumentlib options:none

dbghelp: loaded successfully - version: 4.0.5 - missing functions: none
symbol engine: initialized successfully - sym options: 0x614 - pdb path: .;c:\Users\SAMSUNG\.vscode\extensions\redhat.java-1.50.0-win32-x64\jre\21.0.9-win32-x86_64\bin;C:\WINDOWS\SYSTEM32;C:\WINDOWS\WinSxS\amd64_microsoft.windows.common-controls_6595b64144ccf1df_6.0.26100.7309_none_3e05feeae336a044;c:\Users\SAMSUNG\.vscode\extensions\redhat.java-1.50.0-win32-x64\jre\21.0.9-win32-x86_64\bin\server;C:\Users\SAMSUNG\AppData\Roaming\Code\User\globalStorage\redhat.java\1.50.0\config_win\org.eclipse.equinox.launcher\org.eclipse.equinox.launcher.win32.win32.x86_64_1.2.1400.v20250801-0854;C:\Users\SAMSUNG\AppData\Local\Temp\jna--1712043046

VM Arguments:
jvm_args: --add-modules=ALL-SYSTEM --add-opens=java.base/java.util=ALL-UNNAMED --add-opens=java.base/java.lang=ALL-UNNAMED --add-opens=java.base/sun.nio.fs=ALL-UNNAMED -Declipse.application=org.eclipse.jdt.ls.core.id1 -Dosgi.bundles.defaultStartLevel=4 -Declipse.product=org.eclipse.jdt.ls.core.product -Djava.import.generatesMetadataFilesAtProjectRoot=false -DDetectVMInstallationsJob.disabled=true -Dfile.encoding=utf8 -XX:+UseParallelGC -XX:GCTimeRatio=4 -XX:AdaptiveSizePolicyWeight=90 -Dsun.zip.disableMemoryMapping=true -Xmx2G -Xms100m -Xlog:disable -javaagent:c:\Users\SAMSUNG\.vscode\extensions\redhat.java-1.50.0-win32-x64\lombok\lombok-1.18.39-4050.jar -XX:+HeapDumpOnOutOfMemoryError -XX:HeapDumpPath=c:\Users\SAMSUNG\AppData\Roaming\Code\User\workspaceStorage\951a9214d3b4a7655363855a88834095\redhat.java -Daether.dependencyCollector.impl=bf 
java_command: c:\Users\SAMSUNG\.vscode\extensions\redhat.java-1.50.0-win32-x64\server\plugins\org.eclipse.equinox.launcher_1.7.100.v20251111-0406.jar -configuration c:\Users\SAMSUNG\AppData\Roaming\Code\User\globalStorage\redhat.java\1.50.0\config_win -data c:\Users\SAMSUNG\AppData\Roaming\Code\User\workspaceStorage\951a9214d3b4a7655363855a88834095\redhat.java\jdt_ws --pipe=\\.\pipe\lsp-20c9400a38a17cdba6753678d98d3f9b-sock
java_class_path (initial): c:\Users\SAMSUNG\.vscode\extensions\redhat.java-1.50.0-win32-x64\server\plugins\org.eclipse.equinox.launcher_1.7.100.v20251111-0406.jar
Launcher Type: SUN_STANDARD

[Global flags]
    uintx AdaptiveSizePolicyWeight                 = 90                                        {product} {command line}
     intx CICompilerCount                          = 3                                         {product} {ergonomic}
    uintx GCTimeRatio                              = 4                                         {product} {command line}
     bool HeapDumpOnOutOfMemoryError               = true                                   {manageable} {command line}
    ccstr HeapDumpPath                             = c:\Users\SAMSUNG\AppData\Roaming\Code\User\workspaceStorage\951a9214d3b4a7655363855a88834095\redhat.java         {manageable} {command line}
   size_t InitialHeapSize                          = 104857600                                 {product} {command line}
   size_t MaxHeapSize                              = 2147483648                                {product} {command line}
   size_t MaxNewSize                               = 715653120                                 {product} {ergonomic}
   size_t MinHeapDeltaBytes                        = 524288                                    {product} {ergonomic}
   size_t MinHeapSize                              = 104857600                                 {product} {command line}
   size_t NewSize                                  = 34603008                                  {product} {ergonomic}
    uintx NonNMethodCodeHeapSize                   = 5832780                                {pd product} {ergonomic}
    uintx NonProfiledCodeHeapSize                  = 122912730                              {pd product} {ergonomic}
   size_t OldSize                                  = 70254592                                  {product} {ergonomic}
    uintx ProfiledCodeHeapSize                     = 122912730                              {pd product} {ergonomic}
    uintx ReservedCodeCacheSize                    = 251658240                              {pd product} {ergonomic}
     bool SegmentedCodeCache                       = true                                      {product} {ergonomic}
   size_t SoftMaxHeapSize                          = 2147483648                             {manageable} {ergonomic}
     bool UseCompressedOops                        = true                           {product lp64_product} {ergonomic}
     bool UseLargePagesIndividualAllocation        = false                                  {pd product} {ergonomic}
     bool UseParallelGC                            = true                                      {product} {command line}

Logging:
Log output configuration:
 #0: stdout all=off uptime,level,tags foldmultilines=false
 #1: stderr all=off uptime,level,tags foldmultilines=false

Release file:
JAVA_VERSION="21.0.9" 
MODULES="java.base java.compiler java.datatransfer java.xml java.prefs java.desktop java.instrument java.logging java.management java.security.sasl java.naming java.rmi java.management.rmi java.net.http java.scripting java.security.jgss java.transaction.xa java.sql java.sql.rowset java.xml.crypto java.se java.smartcardio jdk.accessibility jdk.internal.jvmstat jdk.attach jdk.charsets jdk.internal.opt jdk.zipfs jdk.compiler jdk.crypto.ec jdk.crypto.cryptoki jdk.crypto.mscapi jdk.dynalink jdk.internal.ed jdk.editpad jdk.hotspot.agent jdk.httpserver jdk.internal.le jdk.internal.vm.ci jdk.internal.vm.compiler jdk.internal.vm.compiler.management jdk.jartool jdk.javadoc jdk.jcmd jdk.management jdk.management.agent jdk.jconsole jdk.jdeps jdk.jdwp.agent jdk.jdi jdk.jfr jdk.jshell jdk.jsobject jdk.jstatd jdk.localedata jdk.management.jfr jdk.naming.dns jdk.naming.rmi jdk.net jdk.nio.mapmode jdk.random jdk.sctp jdk.security.auth jdk.security.jgss jdk.unsupported jdk.unsupported.desktop jdk.xml.dom" 

Environment Variables:
PATH=C:\Program Files\Common Files\Oracle\Java\javapath;C:\WINDOWS\system32;C:\WINDOWS;C:\WINDOWS\System32\Wbem;C:\WINDOWS\System32\WindowsPowerShell\v1.0\;C:\WINDOWS\System32\OpenSSH\;C:\Program Files\Git\cmd;C:\Program Files\dotnet\;C:\Program Files\nodejs\;C:\Program Files\Maven\apache-maven-3.9.11\bin;C:\Users\SAMSUNG\AppData\Local\Programs\Python\Python313\Scripts\;C:\Users\SAMSUNG\AppData\Local\Programs\Python\Python313\;C:\Users\SAMSUNG\AppData\Local\Microsoft\WindowsApps;C:\Users\SAMSUNG\AppData\Local\Programs\Microsoft VS Code\bin;C:\Users\SAMSUNG\AppData\Local\GitHubDesktop\bin;C:\Users\SAMSUNG\AppData\Roaming\npm
USERNAME=SAMSUNG
OS=Windows_NT
PROCESSOR_IDENTIFIER=Intel64 Family 6 Model 140 Stepping 1, GenuineIntel
TMP=C:\Users\SAMSUNG\AppData\Local\Temp
TEMP=C:\Users\SAMSUNG\AppData\Local\Temp




Periodic native trim disabled

---------------  S Y S T E M  ---------------

OS:
 Windows 11 , 64 bit Build 26100 (10.0.26100.7309)
OS uptime: 0 days 3:21 hours
Hyper-V role detected

CPU: total 4 (initial active 4) (2 cores per cpu, 2 threads per core) family 6 model 140 stepping 1 microcode 0x8a, cx8, cmov, fxsr, ht, mmx, 3dnowpref, sse, sse2, sse3, ssse3, sse4.1, sse4.2, popcnt, lzcnt, tsc, tscinvbit, avx, avx2, aes, erms, clmul, bmi1, bmi2, adx, avx512f, avx512dq, avx512cd, avx512bw, avx512vl, sha, fma, vzeroupper, avx512_vpopcntdq, avx512_vpclmulqdq, avx512_vaes, avx512_vnni, clflush, clflushopt, clwb, avx512_vbmi2, avx512_vbmi, hv, rdtscp, rdpid, fsrm, gfni, avx512_bitalg, f16c, cet_ibt, cet_ss, avx512_ifma
Processor Information for the first 4 processors :
  Max Mhz: 2995, Current Mhz: 2995, Mhz Limit: 2995

Memory: 4k page, system-wide physical 3819M (193M free)
TotalPageFile size 15595M (AvailPageFile size 2M)
current process WorkingSet (physical memory assigned to process): 128M, peak: 128M
current process commit charge ("private bytes"): 260M, peak: 265M

vm_info: OpenJDK 64-Bit Server VM (21.0.9+10-LTS) for windows-amd64 JRE (21.0.9+10-LTS), built on 2025-10-21T00:00:00Z by "admin" with unknown MS VC++:1942

END.
