#
# There is insufficient memory for the Java Runtime Environment to continue.
# Native memory allocation (malloc) failed to allocate 1048576 bytes. Error detail: AllocateHeap
# Possible reasons:
#   The system is out of physical RAM or swap space
#   This process is running with CompressedOops enabled, and the Java Heap may be blocking the growth of the native heap
# Possible solutions:
#   Reduce memory load on the system
#   Increase physical memory or swap space
#   Check if swap backing store is full
#   Decrease Java heap size (-Xmx/-Xms)
#   Decrease number of Java threads
#   Decrease Java thread stack sizes (-Xss)
#   Set larger code cache with -XX:ReservedCodeCacheSize=
#   JVM is running with Unscaled Compressed Oops mode in which the Java heap is
#     placed in the first 4GB address space. The Java Heap base address is the
#     maximum limit for the native heap growth. Please use -XX:HeapBaseMinAddress
#     to set the Java Heap base and to place the Java Heap above 4GB virtual address.
# This output file may be truncated or incomplete.
#
#  Out of Memory Error (allocation.cpp:44), pid=14424, tid=17696
#
# JRE version: OpenJDK Runtime Environment Temurin-21.0.9+10 (21.0.9+10) (build 21.0.9+10-LTS)
# Java VM: OpenJDK 64-Bit Server VM Temurin-21.0.9+10 (21.0.9+10-LTS, mixed mode, sharing, tiered, compressed oops, compressed class ptrs, parallel gc, windows-amd64)
# No core dump will be written. Minidumps are not enabled by default on client versions of Windows
#

---------------  S U M M A R Y ------------

Command Line: --add-modules=ALL-SYSTEM --add-opens=java.base/java.util=ALL-UNNAMED --add-opens=java.base/java.lang=ALL-UNNAMED --add-opens=java.base/sun.nio.fs=ALL-UNNAMED -Declipse.application=org.eclipse.jdt.ls.core.id1 -Dosgi.bundles.defaultStartLevel=4 -Declipse.product=org.eclipse.jdt.ls.core.product -Djava.import.generatesMetadataFilesAtProjectRoot=false -DDetectVMInstallationsJob.disabled=true -Dfile.encoding=utf8 -XX:+UseParallelGC -XX:GCTimeRatio=4 -XX:AdaptiveSizePolicyWeight=90 -Dsun.zip.disableMemoryMapping=true -Xmx2G -Xms100m -Xlog:disable -javaagent:c:\Users\SAMSUNG\.vscode\extensions\redhat.java-1.50.0-win32-x64\lombok\lombok-1.18.39-4050.jar -XX:+HeapDumpOnOutOfMemoryError -XX:HeapDumpPath=c:\Users\SAMSUNG\AppData\Roaming\Code\User\workspaceStorage\90747b7c18997dcb387cb3be2aa4228b\redhat.java -Daether.dependencyCollector.impl=bf c:\Users\SAMSUNG\.vscode\extensions\redhat.java-1.50.0-win32-x64\server\plugins\org.eclipse.equinox.launcher_1.7.100.v20251111-0406.jar -configuration c:\Users\SAMSUNG\AppData\Roaming\Code\User\globalStorage\redhat.java\1.50.0\config_win -data c:\Users\SAMSUNG\AppData\Roaming\Code\User\workspaceStorage\90747b7c18997dcb387cb3be2aa4228b\redhat.java\jdt_ws --pipe=\\.\pipe\lsp-0b0d23e289990934141649adbcd52160-sock

Host: 11th Gen Intel(R) Core(TM) i3-1115G4 @ 3.00GHz, 4 cores, 3G,  Windows 11 , 64 bit Build 26100 (10.0.26100.7309)
Time: Thu Dec 11 17:28:14 2025 Hora oficial do Brasil elapsed time: 7925.258310 seconds (0d 2h 12m 5s)

---------------  T H R E A D  ---------------

Current thread (0x0000022eec24d260):  JavaThread "Attach Listener" daemon [_thread_in_vm, id=17696, stack(0x000000bb3b100000,0x000000bb3b200000) (1024K)]

Stack: [0x000000bb3b100000,0x000000bb3b200000]
Native frames: (J=compiled Java code, j=interpreted, Vv=VM code, C=native code)
V  [jvm.dll+0x6d6e29]
V  [jvm.dll+0x8b4b76]
V  [jvm.dll+0x8b712e]
V  [jvm.dll+0x8b7813]
V  [jvm.dll+0x283d86]
V  [jvm.dll+0xc1277]
V  [jvm.dll+0x6d76d9]
V  [jvm.dll+0x133466]
V  [jvm.dll+0x3f7ea6]
V  [jvm.dll+0x85e9ad]
V  [jvm.dll+0x6d565d]
C  [ucrtbase.dll+0x37b0]
C  [KERNEL32.DLL+0x2e8d7]
C  [ntdll.dll+0x8c53c]


---------------  P R O C E S S  ---------------

Threads class SMR info:
_java_thread_list=0x0000022ecb470550, length=34, elements={
0x0000022eec35e470, 0x0000022eec248250, 0x0000022eec24ae90, 0x0000022eec24c610,
0x0000022eec24d260, 0x0000022eec24fdc0, 0x0000022eec250810, 0x0000022eec253a50,
0x0000022eec2d05c0, 0x0000022effa2e900, 0x0000022effa8cb20, 0x0000022ec92e1d40,
0x0000022effa08ea0, 0x0000022ec90eb2d0, 0x0000022ec9345b20, 0x0000022eca5008a0,
0x0000022eca004a00, 0x0000022ec92a57a0, 0x0000022ec97b90f0, 0x0000022eca102d80,
0x0000022eca102060, 0x0000022ecb726f70, 0x0000022ecb727c90, 0x0000022ecb72a3f0,
0x0000022ecb7289b0, 0x0000022ecb729d60, 0x0000022ecb729040, 0x0000022eca386630,
0x0000022ec99fffd0, 0x0000022ec9a03ae0, 0x0000022ec9a05bb0, 0x0000022ec9a04e90,
0x0000022ecc84c6f0, 0x0000022ecc850200
}

Java Threads: ( => current thread )
  0x0000022eec35e470 JavaThread "main"                              [_thread_blocked, id=9504, stack(0x000000bb3a900000,0x000000bb3aa00000) (1024K)]
  0x0000022eec248250 JavaThread "Reference Handler"          daemon [_thread_blocked, id=15416, stack(0x000000bb3ae00000,0x000000bb3af00000) (1024K)]
  0x0000022eec24ae90 JavaThread "Finalizer"                  daemon [_thread_blocked, id=17120, stack(0x000000bb3af00000,0x000000bb3b000000) (1024K)]
  0x0000022eec24c610 JavaThread "Signal Dispatcher"          daemon [_thread_blocked, id=8128, stack(0x000000bb3b000000,0x000000bb3b100000) (1024K)]
=>0x0000022eec24d260 JavaThread "Attach Listener"            daemon [_thread_in_vm, id=17696, stack(0x000000bb3b100000,0x000000bb3b200000) (1024K)]
  0x0000022eec24fdc0 JavaThread "Service Thread"             daemon [_thread_blocked, id=3908, stack(0x000000bb3b200000,0x000000bb3b300000) (1024K)]
  0x0000022eec250810 JavaThread "Monitor Deflation Thread"   daemon [_thread_blocked, id=12624, stack(0x000000bb3b300000,0x000000bb3b400000) (1024K)]
  0x0000022eec253a50 JavaThread "C2 CompilerThread0"         daemon [_thread_blocked, id=17340, stack(0x000000bb3b400000,0x000000bb3b500000) (1024K)]
  0x0000022eec2d05c0 JavaThread "C1 CompilerThread0"         daemon [_thread_blocked, id=5548, stack(0x000000bb3b500000,0x000000bb3b600000) (1024K)]
  0x0000022effa2e900 JavaThread "Common-Cleaner"             daemon [_thread_blocked, id=8688, stack(0x000000bb3b600000,0x000000bb3b700000) (1024K)]
  0x0000022effa8cb20 JavaThread "Notification Thread"        daemon [_thread_blocked, id=13820, stack(0x000000bb3b700000,0x000000bb3b800000) (1024K)]
  0x0000022ec92e1d40 JavaThread "Active Thread: Equinox Container: defd0a1d-7c17-4be5-abca-ac2de7277fbe"        [_thread_blocked, id=6392, stack(0x000000bb3bb00000,0x000000bb3bc00000) (1024K)]
  0x0000022effa08ea0 JavaThread "Refresh Thread: Equinox Container: defd0a1d-7c17-4be5-abca-ac2de7277fbe" daemon [_thread_blocked, id=21532, stack(0x000000bb3bc00000,0x000000bb3bd00000) (1024K)]
  0x0000022ec90eb2d0 JavaThread "Framework Event Dispatcher: Equinox Container: defd0a1d-7c17-4be5-abca-ac2de7277fbe" daemon [_thread_blocked, id=12972, stack(0x000000bb3bd00000,0x000000bb3be00000) (1024K)]
  0x0000022ec9345b20 JavaThread "Start Level: Equinox Container: defd0a1d-7c17-4be5-abca-ac2de7277fbe" daemon [_thread_blocked, id=15168, stack(0x000000bb3be00000,0x000000bb3bf00000) (1024K)]
  0x0000022eca5008a0 JavaThread "Bundle File Closer"         daemon [_thread_blocked, id=1980, stack(0x000000bb3bf00000,0x000000bb3c000000) (1024K)]
  0x0000022eca004a00 JavaThread "SCR Component Actor"        daemon [_thread_blocked, id=7836, stack(0x000000bb3a800000,0x000000bb3a900000) (1024K)]
  0x0000022ec92a57a0 JavaThread "Worker-JM"                         [_thread_blocked, id=4780, stack(0x000000bb3aa00000,0x000000bb3ab00000) (1024K)]
  0x0000022ec97b90f0 JavaThread "JNA Cleaner"                daemon [_thread_blocked, id=21192, stack(0x000000bb3c200000,0x000000bb3c300000) (1024K)]
  0x0000022eca102d80 JavaThread "Java indexing"              daemon [_thread_blocked, id=13656, stack(0x000000bb3c600000,0x000000bb3c700000) (1024K)]
  0x0000022eca102060 JavaThread "Thread-1"                   daemon [_thread_in_native, id=19196, stack(0x000000bb3cb00000,0x000000bb3cc00000) (1024K)]
  0x0000022ecb726f70 JavaThread "Thread-2"                   daemon [_thread_in_native, id=9176, stack(0x000000bb3cc00000,0x000000bb3cd00000) (1024K)]
  0x0000022ecb727c90 JavaThread "Thread-3"                   daemon [_thread_in_native, id=19444, stack(0x000000bb3cd00000,0x000000bb3ce00000) (1024K)]
  0x0000022ecb72a3f0 JavaThread "Thread-4"                   daemon [_thread_in_native, id=7248, stack(0x000000bb3ce00000,0x000000bb3cf00000) (1024K)]
  0x0000022ecb7289b0 JavaThread "Thread-5"                   daemon [_thread_in_native, id=22200, stack(0x000000bb3cf00000,0x000000bb3d000000) (1024K)]
  0x0000022ecb729d60 JavaThread "pool-2-thread-1"                   [_thread_blocked, id=6676, stack(0x000000bb3d000000,0x000000bb3d100000) (1024K)]
  0x0000022ecb729040 JavaThread "WorkspaceEventsHandler"            [_thread_blocked, id=11220, stack(0x000000bb3d100000,0x000000bb3d200000) (1024K)]
  0x0000022eca386630 JavaThread "pool-1-thread-1"                   [_thread_blocked, id=5360, stack(0x000000bb3d200000,0x000000bb3d300000) (1024K)]
  0x0000022ec99fffd0 JavaThread "Cleaner-0"                  daemon [_thread_blocked, id=15616, stack(0x000000bb3dc00000,0x000000bb3dd00000) (1024K)]
  0x0000022ec9a03ae0 JavaThread "Java Debug Server"          daemon [_thread_in_native, id=21616, stack(0x000000bb3db00000,0x000000bb3dc00000) (1024K)]
  0x0000022ec9a05bb0 JavaThread "RxSchedulerPurge-1"         daemon [_thread_blocked, id=15552, stack(0x000000bb3de00000,0x000000bb3df00000) (1024K)]
  0x0000022ec9a04e90 JavaThread "RxCachedWorkerPoolEvictor-1" daemon [_thread_blocked, id=19120, stack(0x000000bb3df00000,0x000000bb3e000000) (1024K)]
  0x0000022ecc84c6f0 JavaThread "Worker-23"                         [_thread_blocked, id=16972, stack(0x000000bb3c500000,0x000000bb3c600000) (1024K)]
  0x0000022ecc850200 JavaThread "Worker-41"                         [_thread_blocked, id=12844, stack(0x000000bb3c000000,0x000000bb3c100000) (1024K)]
Total: 34

Other Threads:
  0x0000022eec41c050 VMThread "VM Thread"                           [id=16368, stack(0x000000bb3ad00000,0x000000bb3ae00000) (1024K)]
  0x0000022eec3ca060 WatcherThread "VM Periodic Task Thread"        [id=19168, stack(0x000000bb3ac00000,0x000000bb3ad00000) (1024K)]
  0x0000022eec37cb80 WorkerThread "GC Thread#0"                     [id=14072, stack(0x000000bb3ab00000,0x000000bb3ac00000) (1024K)]
  0x0000022ec9418690 WorkerThread "GC Thread#1"                     [id=12120, stack(0x000000bb3b800000,0x000000bb3b900000) (1024K)]
  0x0000022ec955ab90 WorkerThread "GC Thread#2"                     [id=3008, stack(0x000000bb3b900000,0x000000bb3ba00000) (1024K)]
  0x0000022ec9556840 WorkerThread "GC Thread#3"                     [id=7968, stack(0x000000bb3ba00000,0x000000bb3bb00000) (1024K)]
Total: 6

Threads with active compile tasks:
Total: 0

VM state: not at safepoint (normal execution)

VM Mutex/Monitor currently owned by a thread: None

Heap address: 0x0000000080000000, size: 2048 MB, Compressed Oops mode: 32-bit

CDS archive(s) mapped at: [0x0000022e84000000-0x0000022e84ba0000-0x0000022e84ba0000), size 12189696, SharedBaseAddress: 0x0000022e84000000, ArchiveRelocationMode: 1.
Compressed class space mapped at: 0x0000022e85000000-0x0000022ec5000000, reserved size: 1073741824
Narrow klass base: 0x0000022e84000000, Narrow klass shift: 0, Narrow klass range: 0x100000000

GC Precious Log:
 CardTable entry size: 512
 CPUs: 4 total, 4 available
 Memory: 3819M
 Large Page Support: Disabled
 NUMA Support: Disabled
 Compressed Oops: Enabled (32-bit)
 Alignments: Space 512K, Generation 512K, Heap 2M
 Heap Min Capacity: 100M
 Heap Initial Capacity: 100M
 Heap Max Capacity: 2G
 Pre-touch: Disabled
 Parallel Workers: 4

Heap:
 PSYoungGen      total 3584K, used 2465K [0x00000000d5580000, 0x00000000d5a00000, 0x0000000100000000)
  eden space 3072K, 66% used [0x00000000d5580000,0x00000000d5780770,0x00000000d5880000)
  from space 512K, 81% used [0x00000000d5900000,0x00000000d5968000,0x00000000d5980000)
  to   space 512K, 0% used [0x00000000d5980000,0x00000000d5980000,0x00000000d5a00000)
 ParOldGen       total 200704K, used 200406K [0x0000000080000000, 0x000000008c400000, 0x00000000d5580000)
  object space 200704K, 99% used [0x0000000080000000,0x000000008c3b5a78,0x000000008c400000)
 Metaspace       used 96944K, committed 98752K, reserved 1179648K
  class space    used 9644K, committed 10560K, reserved 1048576K

Card table byte_map: [0x0000022eebd00000,0x0000022eec110000] _byte_map_base: 0x0000022eeb900000

Marking Bits: (ParMarkBitMap*) 0x00007ffdba122460
 Begin Bits: [0x0000022e80000000, 0x0000022e82000000)
 End Bits:   [0x0000022e82000000, 0x0000022e84000000)

Polling page: 0x0000022eea350000

Metaspace:

Usage:
  Non-class:     85.25 MB used.
      Class:      9.42 MB used.
       Both:     94.67 MB used.

Virtual space:
  Non-class space:      128.00 MB reserved,      86.12 MB ( 67%) committed,  2 nodes.
      Class space:        1.00 GB reserved,      10.31 MB (  1%) committed,  1 nodes.
             Both:        1.12 GB reserved,      96.44 MB (  8%) committed. 

Chunk freelists:
   Non-Class:  9.62 MB
       Class:  5.81 MB
        Both:  15.43 MB

MaxMetaspaceSize: unlimited
CompressedClassSpaceSize: 1.00 GB
Initial GC threshold: 21.00 MB
Current GC threshold: 160.75 MB
CDS: on
 - commit_granule_bytes: 65536.
 - commit_granule_words: 8192.
 - virtual_space_node_default_size: 8388608.
 - enlarge_chunks_in_place: 1.
 - use_allocation_guard: 0.


Internal statistics:

num_allocs_failed_limit: 11.
num_arena_births: 2232.
num_arena_deaths: 670.
num_vsnodes_births: 3.
num_vsnodes_deaths: 0.
num_space_committed: 1544.
num_space_uncommitted: 1.
num_chunks_returned_to_freelist: 842.
num_chunks_taken_from_freelist: 7368.
num_chunk_merges: 255.
num_chunk_splits: 4118.
num_chunks_enlarged: 2111.
num_inconsistent_stats: 0.

CodeHeap 'non-profiled nmethods': size=120000Kb used=22439Kb max_used=24641Kb free=97560Kb
 bounds [0x0000022ef7030000, 0x0000022ef8850000, 0x0000022efe560000]
CodeHeap 'profiled nmethods': size=120000Kb used=31374Kb max_used=51781Kb free=88626Kb
 bounds [0x0000022eef560000, 0x0000022ef2800000, 0x0000022ef6a90000]
CodeHeap 'non-nmethods': size=5760Kb used=1557Kb max_used=1619Kb free=4202Kb
 bounds [0x0000022ef6a90000, 0x0000022ef6d00000, 0x0000022ef7030000]
CodeCache: size=245760Kb, used=55370Kb, max_used=78041Kb, free=190388Kb
 total_blobs=15143, nmethods=14273, adapters=770, full_count=0
Compilation: enabled, stopped_count=0, restarted_count=0

Compilation events (20 events):
Event: 6671.602 Thread 0x0000022eec2d05c0 30165       3       jdk.internal.loader.BuiltinClassLoader$1::hasMoreElements (5 bytes)
Event: 6671.602 Thread 0x0000022eec2d05c0 nmethod 30165 0x0000022eef920d10 code [0x0000022eef920ec0, 0x0000022eef920ff8]
Event: 6671.639 Thread 0x0000022eec2d05c0 30167       3       org.eclipse.core.internal.resources.Project::internalGetBuildConfigs (35 bytes)
Event: 6671.691 Thread 0x0000022eec2d05c0 nmethod 30167 0x0000022eefa4f290 code [0x0000022eefa4f4a0, 0x0000022eefa4fd98]
Event: 6875.387 Thread 0x0000022eec2d05c0 30168       3       java.util.logging.Logger::getLogger (8 bytes)
Event: 6875.413 Thread 0x0000022eec2d05c0 nmethod 30168 0x0000022eefa0cb90 code [0x0000022eefa0cd60, 0x0000022eefa0cf20]
Event: 6875.414 Thread 0x0000022eec2d05c0 30169       3       java.util.logging.Logger::getLogger (7 bytes)
Event: 6875.416 Thread 0x0000022eec2d05c0 nmethod 30169 0x0000022eef96e890 code [0x0000022eef96ea40, 0x0000022eef96eb68]
Event: 6875.416 Thread 0x0000022eec2d05c0 30170       3       java.util.logging.Logger::demandLogger (36 bytes)
Event: 6875.601 Thread 0x0000022eec2d05c0 nmethod 30170 0x0000022ef12fee90 code [0x0000022ef12ff120, 0x0000022ef12ffbd0]
Event: 7337.975 Thread 0x0000022eec253a50 30171       4       io.reactivex.internal.schedulers.SchedulerPoolFactory$ScheduledTask::run (66 bytes)
Event: 7338.129 Thread 0x0000022eec253a50 nmethod 30171 0x0000022ef80c1410 code [0x0000022ef80c15e0, 0x0000022ef80c1938]
Event: 7341.649 Thread 0x0000022eec2d05c0 30172   !   3       org.eclipse.osgi.container.ModuleDatabase::getTimestamp (25 bytes)
Event: 7341.712 Thread 0x0000022eec2d05c0 nmethod 30172 0x0000022eef6c8f90 code [0x0000022eef6c91e0, 0x0000022eef6c9b28]
Event: 7431.700 Thread 0x0000022eec2d05c0 30173       3       org.eclipse.osgi.storage.Storage::isReadOnly (10 bytes)
Event: 7431.713 Thread 0x0000022eec2d05c0 nmethod 30173 0x0000022eef603b10 code [0x0000022eef603cc0, 0x0000022eef603e40]
Event: 7506.042 Thread 0x0000022eec253a50 30174       4       java.util.concurrent.locks.AbstractQueuedSynchronizer$ConditionObject::unlinkCancelledWaiters (91 bytes)
Event: 7506.083 Thread 0x0000022eec253a50 nmethod 30174 0x0000022ef7468d90 code [0x0000022ef7468f20, 0x0000022ef7469080]
Event: 7702.108 Thread 0x0000022eec2d05c0 30175   !   3       org.eclipse.osgi.internal.framework.StorageSaver$StorageSaverTask::run (31 bytes)
Event: 7702.187 Thread 0x0000022eec2d05c0 nmethod 30175 0x0000022ef03ea290 code [0x0000022ef03ea460, 0x0000022ef03ea700]

GC Heap History (20 events):
Event: 6373.134 GC heap before
{Heap before GC invocations=5236 (full 12):
 PSYoungGen      total 2560K, used 2528K [0x00000000d5580000, 0x00000000d5a80000, 0x0000000100000000)
  eden space 2048K, 100% used [0x00000000d5580000,0x00000000d5780000,0x00000000d5780000)
  from space 512K, 93% used [0x00000000d5880000,0x00000000d58f8010,0x00000000d5900000)
  to   space 1024K, 0% used [0x00000000d5980000,0x00000000d5980000,0x00000000d5a80000)
 ParOldGen       total 197632K, used 197159K [0x0000000080000000, 0x000000008c100000, 0x00000000d5580000)
  object space 197632K, 99% used [0x0000000080000000,0x000000008c089ce8,0x000000008c100000)
 Metaspace       used 96934K, committed 98752K, reserved 1179648K
  class space    used 9644K, committed 10560K, reserved 1048576K
}
Event: 6373.143 GC heap after
{Heap after GC invocations=5236 (full 12):
 PSYoungGen      total 3072K, used 551K [0x00000000d5580000, 0x00000000d5a80000, 0x0000000100000000)
  eden space 2048K, 0% used [0x00000000d5580000,0x00000000d5580000,0x00000000d5780000)
  from space 1024K, 53% used [0x00000000d5980000,0x00000000d5a09d40,0x00000000d5a80000)
  to   space 1024K, 0% used [0x00000000d5880000,0x00000000d5880000,0x00000000d5980000)
 ParOldGen       total 197632K, used 197543K [0x0000000080000000, 0x000000008c100000, 0x00000000d5580000)
  object space 197632K, 99% used [0x0000000080000000,0x000000008c0e9cf8,0x000000008c100000)
 Metaspace       used 96934K, committed 98752K, reserved 1179648K
  class space    used 9644K, committed 10560K, reserved 1048576K
}
Event: 6373.202 GC heap before
{Heap before GC invocations=5237 (full 12):
 PSYoungGen      total 3072K, used 2599K [0x00000000d5580000, 0x00000000d5a80000, 0x0000000100000000)
  eden space 2048K, 100% used [0x00000000d5580000,0x00000000d5780000,0x00000000d5780000)
  from space 1024K, 53% used [0x00000000d5980000,0x00000000d5a09d40,0x00000000d5a80000)
  to   space 1024K, 0% used [0x00000000d5880000,0x00000000d5880000,0x00000000d5980000)
 ParOldGen       total 197632K, used 197543K [0x0000000080000000, 0x000000008c100000, 0x00000000d5580000)
  object space 197632K, 99% used [0x0000000080000000,0x000000008c0e9cf8,0x000000008c100000)
 Metaspace       used 96934K, committed 98752K, reserved 1179648K
  class space    used 9644K, committed 10560K, reserved 1048576K
}
Event: 6373.209 GC heap after
{Heap after GC invocations=5237 (full 12):
 PSYoungGen      total 3072K, used 407K [0x00000000d5580000, 0x00000000d5a00000, 0x0000000100000000)
  eden space 2048K, 0% used [0x00000000d5580000,0x00000000d5580000,0x00000000d5780000)
  from space 1024K, 39% used [0x00000000d5880000,0x00000000d58e5f50,0x00000000d5980000)
  to   space 512K, 0% used [0x00000000d5980000,0x00000000d5980000,0x00000000d5a00000)
 ParOldGen       total 198144K, used 197970K [0x0000000080000000, 0x000000008c180000, 0x00000000d5580000)
  object space 198144K, 99% used [0x0000000080000000,0x000000008c154b38,0x000000008c180000)
 Metaspace       used 96934K, committed 98752K, reserved 1179648K
  class space    used 9644K, committed 10560K, reserved 1048576K
}
Event: 6373.266 GC heap before
{Heap before GC invocations=5238 (full 12):
 PSYoungGen      total 3072K, used 2455K [0x00000000d5580000, 0x00000000d5a00000, 0x0000000100000000)
  eden space 2048K, 100% used [0x00000000d5580000,0x00000000d5780000,0x00000000d5780000)
  from space 1024K, 39% used [0x00000000d5880000,0x00000000d58e5f50,0x00000000d5980000)
  to   space 512K, 0% used [0x00000000d5980000,0x00000000d5980000,0x00000000d5a00000)
 ParOldGen       total 198144K, used 197970K [0x0000000080000000, 0x000000008c180000, 0x00000000d5580000)
  object space 198144K, 99% used [0x0000000080000000,0x000000008c154b38,0x000000008c180000)
 Metaspace       used 96934K, committed 98752K, reserved 1179648K
  class space    used 9644K, committed 10560K, reserved 1048576K
}
Event: 6373.274 GC heap after
{Heap after GC invocations=5238 (full 12):
 PSYoungGen      total 2560K, used 486K [0x00000000d5580000, 0x00000000d5a00000, 0x0000000100000000)
  eden space 2048K, 0% used [0x00000000d5580000,0x00000000d5580000,0x00000000d5780000)
  from space 512K, 94% used [0x00000000d5980000,0x00000000d59f9820,0x00000000d5a00000)
  to   space 512K, 0% used [0x00000000d5900000,0x00000000d5900000,0x00000000d5980000)
 ParOldGen       total 198656K, used 198322K [0x0000000080000000, 0x000000008c200000, 0x00000000d5580000)
  object space 198656K, 99% used [0x0000000080000000,0x000000008c1aca88,0x000000008c200000)
 Metaspace       used 96934K, committed 98752K, reserved 1179648K
  class space    used 9644K, committed 10560K, reserved 1048576K
}
Event: 6373.276 GC heap before
{Heap before GC invocations=5239 (full 12):
 PSYoungGen      total 2560K, used 2534K [0x00000000d5580000, 0x00000000d5a00000, 0x0000000100000000)
  eden space 2048K, 99% used [0x00000000d5580000,0x00000000d577ffe8,0x00000000d5780000)
  from space 512K, 94% used [0x00000000d5980000,0x00000000d59f9820,0x00000000d5a00000)
  to   space 512K, 0% used [0x00000000d5900000,0x00000000d5900000,0x00000000d5980000)
 ParOldGen       total 198656K, used 198322K [0x0000000080000000, 0x000000008c200000, 0x00000000d5580000)
  object space 198656K, 99% used [0x0000000080000000,0x000000008c1aca88,0x000000008c200000)
 Metaspace       used 96934K, committed 98752K, reserved 1179648K
  class space    used 9644K, committed 10560K, reserved 1048576K
}
Event: 6373.277 GC heap after
{Heap after GC invocations=5239 (full 12):
 PSYoungGen      total 2560K, used 192K [0x00000000d5580000, 0x00000000d5a00000, 0x0000000100000000)
  eden space 2048K, 0% used [0x00000000d5580000,0x00000000d5580000,0x00000000d5780000)
  from space 512K, 37% used [0x00000000d5900000,0x00000000d5930000,0x00000000d5980000)
  to   space 512K, 0% used [0x00000000d5980000,0x00000000d5980000,0x00000000d5a00000)
 ParOldGen       total 199168K, used 198752K [0x0000000080000000, 0x000000008c280000, 0x00000000d5580000)
  object space 199168K, 99% used [0x0000000080000000,0x000000008c2182e8,0x000000008c280000)
 Metaspace       used 96934K, committed 98752K, reserved 1179648K
  class space    used 9644K, committed 10560K, reserved 1048576K
}
Event: 6373.309 GC heap before
{Heap before GC invocations=5240 (full 12):
 PSYoungGen      total 2560K, used 2240K [0x00000000d5580000, 0x00000000d5a00000, 0x0000000100000000)
  eden space 2048K, 100% used [0x00000000d5580000,0x00000000d5780000,0x00000000d5780000)
  from space 512K, 37% used [0x00000000d5900000,0x00000000d5930000,0x00000000d5980000)
  to   space 512K, 0% used [0x00000000d5980000,0x00000000d5980000,0x00000000d5a00000)
 ParOldGen       total 199168K, used 198752K [0x0000000080000000, 0x000000008c280000, 0x00000000d5580000)
  object space 199168K, 99% used [0x0000000080000000,0x000000008c2182e8,0x000000008c280000)
 Metaspace       used 96934K, committed 98752K, reserved 1179648K
  class space    used 9644K, committed 10560K, reserved 1048576K
}
Event: 6373.313 GC heap after
{Heap after GC invocations=5240 (full 12):
 PSYoungGen      total 2560K, used 288K [0x00000000d5580000, 0x00000000d5a00000, 0x0000000100000000)
  eden space 2048K, 0% used [0x00000000d5580000,0x00000000d5580000,0x00000000d5780000)
  from space 512K, 56% used [0x00000000d5980000,0x00000000d59c8000,0x00000000d5a00000)
  to   space 512K, 0% used [0x00000000d5900000,0x00000000d5900000,0x00000000d5980000)
 ParOldGen       total 199168K, used 198872K [0x0000000080000000, 0x000000008c280000, 0x00000000d5580000)
  object space 199168K, 99% used [0x0000000080000000,0x000000008c236308,0x000000008c280000)
 Metaspace       used 96934K, committed 98752K, reserved 1179648K
  class space    used 9644K, committed 10560K, reserved 1048576K
}
Event: 6373.347 GC heap before
{Heap before GC invocations=5241 (full 12):
 PSYoungGen      total 2560K, used 2336K [0x00000000d5580000, 0x00000000d5a00000, 0x0000000100000000)
  eden space 2048K, 100% used [0x00000000d5580000,0x00000000d5780000,0x00000000d5780000)
  from space 512K, 56% used [0x00000000d5980000,0x00000000d59c8000,0x00000000d5a00000)
  to   space 512K, 0% used [0x00000000d5900000,0x00000000d5900000,0x00000000d5980000)
 ParOldGen       total 199168K, used 198872K [0x0000000080000000, 0x000000008c280000, 0x00000000d5580000)
  object space 199168K, 99% used [0x0000000080000000,0x000000008c236308,0x000000008c280000)
 Metaspace       used 96934K, committed 98752K, reserved 1179648K
  class space    used 9644K, committed 10560K, reserved 1048576K
}
Event: 6373.350 GC heap after
{Heap after GC invocations=5241 (full 12):
 PSYoungGen      total 2560K, used 436K [0x00000000d5580000, 0x00000000d5a00000, 0x0000000100000000)
  eden space 2048K, 0% used [0x00000000d5580000,0x00000000d5580000,0x00000000d5780000)
  from space 512K, 85% used [0x00000000d5900000,0x00000000d596d200,0x00000000d5980000)
  to   space 512K, 0% used [0x00000000d5980000,0x00000000d5980000,0x00000000d5a00000)
 ParOldGen       total 199168K, used 199088K [0x0000000080000000, 0x000000008c280000, 0x00000000d5580000)
  object space 199168K, 99% used [0x0000000080000000,0x000000008c26c328,0x000000008c280000)
 Metaspace       used 96934K, committed 98752K, reserved 1179648K
  class space    used 9644K, committed 10560K, reserved 1048576K
}
Event: 6373.358 GC heap before
{Heap before GC invocations=5242 (full 12):
 PSYoungGen      total 2560K, used 2484K [0x00000000d5580000, 0x00000000d5a00000, 0x0000000100000000)
  eden space 2048K, 100% used [0x00000000d5580000,0x00000000d5780000,0x00000000d5780000)
  from space 512K, 85% used [0x00000000d5900000,0x00000000d596d200,0x00000000d5980000)
  to   space 512K, 0% used [0x00000000d5980000,0x00000000d5980000,0x00000000d5a00000)
 ParOldGen       total 199168K, used 199088K [0x0000000080000000, 0x000000008c280000, 0x00000000d5580000)
  object space 199168K, 99% used [0x0000000080000000,0x000000008c26c328,0x000000008c280000)
 Metaspace       used 96934K, committed 98752K, reserved 1179648K
  class space    used 9644K, committed 10560K, reserved 1048576K
}
Event: 6373.360 GC heap after
{Heap after GC invocations=5242 (full 12):
 PSYoungGen      total 2560K, used 407K [0x00000000d5580000, 0x00000000d5a00000, 0x0000000100000000)
  eden space 2048K, 0% used [0x00000000d5580000,0x00000000d5580000,0x00000000d5780000)
  from space 512K, 79% used [0x00000000d5980000,0x00000000d59e5f50,0x00000000d5a00000)
  to   space 512K, 0% used [0x00000000d5900000,0x00000000d5900000,0x00000000d5980000)
 ParOldGen       total 199680K, used 199484K [0x0000000080000000, 0x000000008c300000, 0x00000000d5580000)
  object space 199680K, 99% used [0x0000000080000000,0x000000008c2cf2b8,0x000000008c300000)
 Metaspace       used 96934K, committed 98752K, reserved 1179648K
  class space    used 9644K, committed 10560K, reserved 1048576K
}
Event: 6373.364 GC heap before
{Heap before GC invocations=5243 (full 12):
 PSYoungGen      total 2560K, used 2455K [0x00000000d5580000, 0x00000000d5a00000, 0x0000000100000000)
  eden space 2048K, 100% used [0x00000000d5580000,0x00000000d5780000,0x00000000d5780000)
  from space 512K, 79% used [0x00000000d5980000,0x00000000d59e5f50,0x00000000d5a00000)
  to   space 512K, 0% used [0x00000000d5900000,0x00000000d5900000,0x00000000d5980000)
 ParOldGen       total 199680K, used 199484K [0x0000000080000000, 0x000000008c300000, 0x00000000d5580000)
  object space 199680K, 99% used [0x0000000080000000,0x000000008c2cf2b8,0x000000008c300000)
 Metaspace       used 96934K, committed 98752K, reserved 1179648K
  class space    used 9644K, committed 10560K, reserved 1048576K
}
Event: 6373.366 GC heap after
{Heap after GC invocations=5243 (full 12):
 PSYoungGen      total 2560K, used 486K [0x00000000d5580000, 0x00000000d5a00000, 0x0000000100000000)
  eden space 2048K, 0% used [0x00000000d5580000,0x00000000d5580000,0x00000000d5780000)
  from space 512K, 94% used [0x00000000d5900000,0x00000000d5979820,0x00000000d5980000)
  to   space 512K, 0% used [0x00000000d5980000,0x00000000d5980000,0x00000000d5a00000)
 ParOldGen       total 200192K, used 199852K [0x0000000080000000, 0x000000008c380000, 0x00000000d5580000)
  object space 200192K, 99% used [0x0000000080000000,0x000000008c32b208,0x000000008c380000)
 Metaspace       used 96934K, committed 98752K, reserved 1179648K
  class space    used 9644K, committed 10560K, reserved 1048576K
}
Event: 6373.369 GC heap before
{Heap before GC invocations=5244 (full 12):
 PSYoungGen      total 2560K, used 2534K [0x00000000d5580000, 0x00000000d5a00000, 0x0000000100000000)
  eden space 2048K, 100% used [0x00000000d5580000,0x00000000d5780000,0x00000000d5780000)
  from space 512K, 94% used [0x00000000d5900000,0x00000000d5979820,0x00000000d5980000)
  to   space 512K, 0% used [0x00000000d5980000,0x00000000d5980000,0x00000000d5a00000)
 ParOldGen       total 200192K, used 199852K [0x0000000080000000, 0x000000008c380000, 0x00000000d5580000)
  object space 200192K, 99% used [0x0000000080000000,0x000000008c32b208,0x000000008c380000)
 Metaspace       used 96934K, committed 98752K, reserved 1179648K
  class space    used 9644K, committed 10560K, reserved 1048576K
}
Event: 6373.373 GC heap after
{Heap after GC invocations=5244 (full 12):
 PSYoungGen      total 3072K, used 224K [0x00000000d5580000, 0x00000000d5a00000, 0x0000000100000000)
  eden space 2560K, 0% used [0x00000000d5580000,0x00000000d5580000,0x00000000d5800000)
  from space 512K, 43% used [0x00000000d5980000,0x00000000d59b8000,0x00000000d5a00000)
  to   space 512K, 0% used [0x00000000d5900000,0x00000000d5900000,0x00000000d5980000)
 ParOldGen       total 200704K, used 200254K [0x0000000080000000, 0x000000008c400000, 0x00000000d5580000)
  object space 200704K, 99% used [0x0000000080000000,0x000000008c38fa58,0x000000008c400000)
 Metaspace       used 96934K, committed 98752K, reserved 1179648K
  class space    used 9644K, committed 10560K, reserved 1048576K
}
Event: 6373.400 GC heap before
{Heap before GC invocations=5245 (full 12):
 PSYoungGen      total 3072K, used 2784K [0x00000000d5580000, 0x00000000d5a00000, 0x0000000100000000)
  eden space 2560K, 100% used [0x00000000d5580000,0x00000000d5800000,0x00000000d5800000)
  from space 512K, 43% used [0x00000000d5980000,0x00000000d59b8000,0x00000000d5a00000)
  to   space 512K, 0% used [0x00000000d5900000,0x00000000d5900000,0x00000000d5980000)
 ParOldGen       total 200704K, used 200254K [0x0000000080000000, 0x000000008c400000, 0x00000000d5580000)
  object space 200704K, 99% used [0x0000000080000000,0x000000008c38fa58,0x000000008c400000)
 Metaspace       used 96934K, committed 98752K, reserved 1179648K
  class space    used 9644K, committed 10560K, reserved 1048576K
}
Event: 6373.404 GC heap after
{Heap after GC invocations=5245 (full 12):
 PSYoungGen      total 3584K, used 416K [0x00000000d5580000, 0x00000000d5a00000, 0x0000000100000000)
  eden space 3072K, 0% used [0x00000000d5580000,0x00000000d5580000,0x00000000d5880000)
  from space 512K, 81% used [0x00000000d5900000,0x00000000d5968000,0x00000000d5980000)
  to   space 512K, 0% used [0x00000000d5980000,0x00000000d5980000,0x00000000d5a00000)
 ParOldGen       total 200704K, used 200406K [0x0000000080000000, 0x000000008c400000, 0x00000000d5580000)
  object space 200704K, 99% used [0x0000000080000000,0x000000008c3b5a78,0x000000008c400000)
 Metaspace       used 96934K, committed 98752K, reserved 1179648K
  class space    used 9644K, committed 10560K, reserved 1048576K
}

Dll operation events (12 events):
Event: 0.120 Loaded shared library c:\Users\SAMSUNG\.vscode\extensions\redhat.java-1.50.0-win32-x64\jre\21.0.9-win32-x86_64\bin\java.dll
Event: 1.286 Loaded shared library c:\Users\SAMSUNG\.vscode\extensions\redhat.java-1.50.0-win32-x64\jre\21.0.9-win32-x86_64\bin\zip.dll
Event: 1.352 Loaded shared library C:\Users\SAMSUNG\.vscode\extensions\redhat.java-1.50.0-win32-x64\jre\21.0.9-win32-x86_64\bin\instrument.dll
Event: 1.399 Loaded shared library C:\Users\SAMSUNG\.vscode\extensions\redhat.java-1.50.0-win32-x64\jre\21.0.9-win32-x86_64\bin\net.dll
Event: 1.401 Loaded shared library C:\Users\SAMSUNG\.vscode\extensions\redhat.java-1.50.0-win32-x64\jre\21.0.9-win32-x86_64\bin\nio.dll
Event: 1.425 Loaded shared library C:\Users\SAMSUNG\.vscode\extensions\redhat.java-1.50.0-win32-x64\jre\21.0.9-win32-x86_64\bin\zip.dll
Event: 1.715 Loaded shared library C:\Users\SAMSUNG\.vscode\extensions\redhat.java-1.50.0-win32-x64\jre\21.0.9-win32-x86_64\bin\jimage.dll
Event: 2.740 Loaded shared library c:\Users\SAMSUNG\.vscode\extensions\redhat.java-1.50.0-win32-x64\jre\21.0.9-win32-x86_64\bin\verify.dll
Event: 29.451 Loaded shared library C:\Users\SAMSUNG\AppData\Roaming\Code\User\globalStorage\redhat.java\1.50.0\config_win\org.eclipse.equinox.launcher\org.eclipse.equinox.launcher.win32.win32.x86_64_1.2.1400.v20250801-0854\eclipse_11916.dll
Event: 79.423 Loaded shared library C:\Users\SAMSUNG\AppData\Local\Temp\jna--1712043046\jna3246473907107446157.dll
Event: 88.600 Loaded shared library C:\Users\SAMSUNG\.vscode\extensions\redhat.java-1.50.0-win32-x64\jre\21.0.9-win32-x86_64\bin\sunmscapi.dll
Event: 91.727 Loaded shared library C:\Users\SAMSUNG\.vscode\extensions\redhat.java-1.50.0-win32-x64\jre\21.0.9-win32-x86_64\bin\extnet.dll

Deoptimization events (20 events):
Event: 6370.746 Thread 0x0000022eca385fa0 Uncommon trap: trap_request=0xffffff45 fr.pc=0x0000022ef745d824 relative=0x0000000000004a84
Event: 6370.746 Thread 0x0000022eca385fa0 Uncommon trap: reason=unstable_if action=reinterpret pc=0x0000022ef745d824 method=org.eclipse.core.internal.dtree.AbstractDataTreeNode.compareWithParent([Lorg/eclipse/core/internal/dtree/AbstractDataTreeNode;Lorg/eclipse/core/runtime/IPath;Lorg/eclipse/co
Event: 6370.746 Thread 0x0000022eca385fa0 DEOPT PACKING pc=0x0000022ef745d824 sp=0x000000bb3c8fde90
Event: 6370.746 Thread 0x0000022eca385fa0 DEOPT UNPACKING pc=0x0000022ef6ae6da2 sp=0x000000bb3c8fdd80 mode 2
Event: 6370.747 Thread 0x0000022eca385fa0 Uncommon trap: trap_request=0xffffff45 fr.pc=0x0000022ef745d824 relative=0x0000000000004a84
Event: 6370.747 Thread 0x0000022eca385fa0 Uncommon trap: reason=unstable_if action=reinterpret pc=0x0000022ef745d824 method=org.eclipse.core.internal.dtree.AbstractDataTreeNode.compareWithParent([Lorg/eclipse/core/internal/dtree/AbstractDataTreeNode;Lorg/eclipse/core/runtime/IPath;Lorg/eclipse/co
Event: 6370.747 Thread 0x0000022eca385fa0 DEOPT PACKING pc=0x0000022ef745d824 sp=0x000000bb3c8fdfb0
Event: 6370.747 Thread 0x0000022eca385fa0 DEOPT UNPACKING pc=0x0000022ef6ae6da2 sp=0x000000bb3c8fdea0 mode 2
Event: 6370.747 Thread 0x0000022eca385fa0 Uncommon trap: trap_request=0xffffff45 fr.pc=0x0000022ef745d824 relative=0x0000000000004a84
Event: 6370.747 Thread 0x0000022eca385fa0 Uncommon trap: reason=unstable_if action=reinterpret pc=0x0000022ef745d824 method=org.eclipse.core.internal.dtree.AbstractDataTreeNode.compareWithParent([Lorg/eclipse/core/internal/dtree/AbstractDataTreeNode;Lorg/eclipse/core/runtime/IPath;Lorg/eclipse/co
Event: 6370.747 Thread 0x0000022eca385fa0 DEOPT PACKING pc=0x0000022ef745d824 sp=0x000000bb3c8fe0d0
Event: 6370.747 Thread 0x0000022eca385fa0 DEOPT UNPACKING pc=0x0000022ef6ae6da2 sp=0x000000bb3c8fdfc0 mode 2
Event: 6370.747 Thread 0x0000022eca385fa0 Uncommon trap: trap_request=0xffffff45 fr.pc=0x0000022ef745d824 relative=0x0000000000004a84
Event: 6370.747 Thread 0x0000022eca385fa0 Uncommon trap: reason=unstable_if action=reinterpret pc=0x0000022ef745d824 method=org.eclipse.core.internal.dtree.AbstractDataTreeNode.compareWithParent([Lorg/eclipse/core/internal/dtree/AbstractDataTreeNode;Lorg/eclipse/core/runtime/IPath;Lorg/eclipse/co
Event: 6370.747 Thread 0x0000022eca385fa0 DEOPT PACKING pc=0x0000022ef745d824 sp=0x000000bb3c8fe1f0
Event: 6370.747 Thread 0x0000022eca385fa0 DEOPT UNPACKING pc=0x0000022ef6ae6da2 sp=0x000000bb3c8fe0e0 mode 2
Event: 6670.276 Thread 0x0000022eca388d90 Uncommon trap: trap_request=0xffffffde fr.pc=0x0000022ef85d3fd8 relative=0x0000000000000af8
Event: 6670.284 Thread 0x0000022eca388d90 Uncommon trap: reason=class_check action=maybe_recompile pc=0x0000022ef85d3fd8 method=java.util.concurrent.ThreadPoolExecutor.getTask()Ljava/lang/Runnable; @ 98 c2
Event: 6670.284 Thread 0x0000022eca388d90 DEOPT PACKING pc=0x0000022ef85d3fd8 sp=0x000000bb3c7fef20
Event: 6670.288 Thread 0x0000022eca388d90 DEOPT UNPACKING pc=0x0000022ef6ae6da2 sp=0x000000bb3c7fef18 mode 2

Classes loaded (20 events):
Event: 6219.238 Loading class sun/security/ssl/PreSharedKeyExtension$PartialClientHelloMessage
Event: 6219.259 Loading class sun/security/ssl/PreSharedKeyExtension$PartialClientHelloMessage done
Event: 6219.259 Loading class sun/security/ssl/SSLEngineOutputRecord
Event: 6219.315 Loading class sun/security/ssl/SSLEngineOutputRecord done
Event: 6219.330 Loading class sun/security/ssl/SSLEngineOutputRecord$HandshakeFragment
Event: 6219.371 Loading class sun/security/ssl/SSLEngineOutputRecord$HandshakeFragment done
Event: 6219.372 Loading class sun/security/ssl/SSLEngineOutputRecord$HandshakeMemo
Event: 6219.375 Loading class sun/security/ssl/SSLEngineOutputRecord$RecordMemo
Event: 6219.380 Loading class sun/security/ssl/SSLEngineOutputRecord$RecordMemo done
Event: 6219.380 Loading class sun/security/ssl/SSLEngineOutputRecord$HandshakeMemo done
Event: 6219.423 Loading class sun/security/ssl/PreSharedKeyExtension$SHPreSharedKeySpec
Event: 6219.428 Loading class sun/security/ssl/PreSharedKeyExtension$SHPreSharedKeySpec done
Event: 6223.409 Loading class jdk/internal/module/IllegalAccessLogger
Event: 6223.409 Loading class jdk/internal/module/IllegalAccessLogger done
Event: 6226.306 Loading class jdk/internal/module/IllegalAccessLogger
Event: 6226.309 Loading class jdk/internal/module/IllegalAccessLogger done
Event: 6237.448 Loading class jdk/internal/module/IllegalAccessLogger
Event: 6237.454 Loading class jdk/internal/module/IllegalAccessLogger done
Event: 6370.524 Loading class jdk/internal/module/IllegalAccessLogger
Event: 6370.525 Loading class jdk/internal/module/IllegalAccessLogger done

Classes unloaded (20 events):
Event: 6234.183 Thread 0x0000022eec41c050 Unloading class 0x0000022e85914400 'java/lang/invoke/LambdaForm$MH+0x0000022e85914400'
Event: 6234.183 Thread 0x0000022eec41c050 Unloading class 0x0000022e857d1000 'java/lang/invoke/LambdaForm$MH+0x0000022e857d1000'
Event: 6234.183 Thread 0x0000022eec41c050 Unloading class 0x0000022e857d0400 'java/lang/invoke/LambdaForm$MH+0x0000022e857d0400'
Event: 6234.183 Thread 0x0000022eec41c050 Unloading class 0x0000022e857cbc00 'java/lang/invoke/LambdaForm$MH+0x0000022e857cbc00'
Event: 6234.183 Thread 0x0000022eec41c050 Unloading class 0x0000022e857cb800 'java/lang/invoke/LambdaForm$MH+0x0000022e857cb800'
Event: 6234.183 Thread 0x0000022eec41c050 Unloading class 0x0000022e857cb400 'java/lang/invoke/LambdaForm$MH+0x0000022e857cb400'
Event: 6234.183 Thread 0x0000022eec41c050 Unloading class 0x0000022e851a5400 'java/lang/invoke/LambdaForm$MH+0x0000022e851a5400'
Event: 6234.183 Thread 0x0000022eec41c050 Unloading class 0x0000022e851a5000 'java/lang/invoke/LambdaForm$MH+0x0000022e851a5000'
Event: 6234.184 Thread 0x0000022eec41c050 Unloading class 0x0000022e851a2000 'java/lang/invoke/LambdaForm$MH+0x0000022e851a2000'
Event: 6234.184 Thread 0x0000022eec41c050 Unloading class 0x0000022e85172800 'java/lang/invoke/LambdaForm$MH+0x0000022e85172800'
Event: 6234.184 Thread 0x0000022eec41c050 Unloading class 0x0000022e85172000 'java/lang/invoke/LambdaForm$MH+0x0000022e85172000'
Event: 6234.184 Thread 0x0000022eec41c050 Unloading class 0x0000022e85171c00 'java/lang/invoke/LambdaForm$MH+0x0000022e85171c00'
Event: 6234.184 Thread 0x0000022eec41c050 Unloading class 0x0000022e85082400 'java/lang/invoke/LambdaForm$MH+0x0000022e85082400'
Event: 6234.185 Thread 0x0000022eec41c050 Unloading class 0x0000022e85081c00 'java/lang/invoke/LambdaForm$MH+0x0000022e85081c00'
Event: 6234.185 Thread 0x0000022eec41c050 Unloading class 0x0000022e85081800 'java/lang/invoke/LambdaForm$MH+0x0000022e85081800'
Event: 6234.185 Thread 0x0000022eec41c050 Unloading class 0x0000022e85081400 'java/lang/invoke/LambdaForm$MH+0x0000022e85081400'
Event: 6234.185 Thread 0x0000022eec41c050 Unloading class 0x0000022e85081000 'java/lang/invoke/LambdaForm$MH+0x0000022e85081000'
Event: 6234.185 Thread 0x0000022eec41c050 Unloading class 0x0000022e85080800 'java/lang/invoke/LambdaForm$MH+0x0000022e85080800'
Event: 6234.185 Thread 0x0000022eec41c050 Unloading class 0x0000022e85080400 'java/lang/invoke/LambdaForm$MH+0x0000022e85080400'
Event: 6234.185 Thread 0x0000022eec41c050 Unloading class 0x0000022e85080000 'java/lang/invoke/LambdaForm$MH+0x0000022e85080000'

Classes redefined (0 events):
No events

Internal exceptions (20 events):
Event: 6217.251 Thread 0x0000022eca102d80 Exception <a 'sun/nio/fs/WindowsException'{0x00000000d56dc958}> (0x00000000d56dc958) 
thrown [s\src\hotspot\share\prims\jni.cpp, line 520]
Event: 6218.087 Thread 0x0000022eca102d80 Exception <a 'sun/nio/fs/WindowsException'{0x00000000d55df608}> (0x00000000d55df608) 
thrown [s\src\hotspot\share\prims\jni.cpp, line 520]
Event: 6223.068 Thread 0x0000022eca102d80 Exception <a 'sun/nio/fs/WindowsException'{0x00000000d56752a0}> (0x00000000d56752a0) 
thrown [s\src\hotspot\share\prims\jni.cpp, line 520]
Event: 6224.336 Thread 0x0000022eca102d80 Exception <a 'sun/nio/fs/WindowsException'{0x00000000d5a83c78}> (0x00000000d5a83c78) 
thrown [s\src\hotspot\share\prims\jni.cpp, line 520]
Event: 6227.490 Thread 0x0000022eca386630 Implicit null exception at 0x0000022ef8759b9b to 0x0000022ef875a464
Event: 6228.191 Thread 0x0000022eca102d80 Exception <a 'sun/nio/fs/WindowsException'{0x00000000d579f248}> (0x00000000d579f248) 
thrown [s\src\hotspot\share\prims\jni.cpp, line 520]
Event: 6228.439 Thread 0x0000022eca386630 Implicit null exception at 0x0000022ef71d7b5c to 0x0000022ef71d7d24
Event: 6233.098 Thread 0x0000022eca102d80 Exception <a 'sun/nio/fs/WindowsException'{0x00000000d565d9a0}> (0x00000000d565d9a0) 
thrown [s\src\hotspot\share\prims\jni.cpp, line 520]
Event: 6233.733 Thread 0x0000022eca384bf0 Exception <a 'java/lang/ArrayIndexOutOfBoundsException'{0x00000000d5db70e8}: Index 30 out of bounds for length 30> (0x00000000d5db70e8) 
thrown [s\src\hotspot\share\interpreter\interpreterRuntime.cpp, line 439]
Event: 6238.403 Thread 0x0000022eca384bf0 Exception <a 'java/lang/ArrayIndexOutOfBoundsException'{0x00000000d582f0b0}: Index 30 out of bounds for length 30> (0x00000000d582f0b0) 
thrown [s\src\hotspot\share\interpreter\interpreterRuntime.cpp, line 439]
Event: 6239.374 Thread 0x0000022eca102d80 Exception <a 'sun/nio/fs/WindowsException'{0x00000000d5c9daf0}> (0x00000000d5c9daf0) 
thrown [s\src\hotspot\share\prims\jni.cpp, line 520]
Event: 6240.176 Thread 0x0000022eca102d80 Exception <a 'sun/nio/fs/WindowsException'{0x00000000d559bd00}> (0x00000000d559bd00) 
thrown [s\src\hotspot\share\prims\jni.cpp, line 520]
Event: 6367.298 Thread 0x0000022eca385fa0 Exception <a 'sun/nio/fs/WindowsException'{0x00000000d55fed40}> (0x00000000d55fed40) 
thrown [s\src\hotspot\share\prims\jni.cpp, line 520]
Event: 6367.307 Thread 0x0000022eca385fa0 Exception <a 'sun/nio/fs/WindowsException'{0x00000000d55ffab0}> (0x00000000d55ffab0) 
thrown [s\src\hotspot\share\prims\jni.cpp, line 520]
Event: 6369.380 Thread 0x0000022eca385fa0 Exception <a 'java/lang/NoSuchMethodError'{0x00000000d57d78d8}: static Lorg/eclipse/m2e/core/internal/lifecyclemapping/model/PluginExecutionMetadata;.<clinit>()V> (0x00000000d57d78d8) 
thrown [s\src\hotspot\share\prims\jni.cpp, line 1111]
Event: 6369.451 Thread 0x0000022eca385fa0 Exception <a 'java/lang/NoSuchMethodError'{0x00000000d5802120}: static Lorg/eclipse/m2e/core/internal/lifecyclemapping/model/PluginExecutionFilter;.<clinit>()V> (0x00000000d5802120) 
thrown [s\src\hotspot\share\prims\jni.cpp, line 1111]
Event: 6369.462 Thread 0x0000022eca385fa0 Exception <a 'java/lang/NoSuchMethodError'{0x00000000d581b330}: static Lorg/eclipse/m2e/core/internal/project/registry/MavenProjectFacade$MavenProjectConfiguration;.<clinit>()V> (0x00000000d581b330) 
thrown [s\src\hotspot\share\prims\jni.cpp, line 1111]
Event: 6369.485 Thread 0x0000022eca385fa0 Exception <a 'java/lang/NoSuchMethodError'{0x00000000d583d0a0}: static [J.<clinit>()V> (0x00000000d583d0a0) 
thrown [s\src\hotspot\share\prims\jni.cpp, line 1111]
Event: 6671.306 Thread 0x0000022eca385fa0 Exception <a 'sun/nio/fs/WindowsException'{0x00000000d5670de8}> (0x00000000d5670de8) 
thrown [s\src\hotspot\share\prims\jni.cpp, line 520]
Event: 6671.313 Thread 0x0000022eca385fa0 Exception <a 'sun/nio/fs/WindowsException'{0x00000000d56718e8}> (0x00000000d56718e8) 
thrown [s\src\hotspot\share\prims\jni.cpp, line 520]

ZGC Phase Switch (0 events):
No events

VM Operations (20 events):
Event: 6674.185 Executing VM operation: HandshakeAllThreads (HandshakeForDeflation)
Event: 6674.185 Executing VM operation: HandshakeAllThreads (HandshakeForDeflation) done
Event: 6674.185 Executing VM operation: RendezvousGCThreads
Event: 6674.185 Executing VM operation: RendezvousGCThreads done
Event: 6734.270 Executing VM operation: HandshakeAllThreads (HandshakeForDeflation)
Event: 6734.273 Executing VM operation: HandshakeAllThreads (HandshakeForDeflation) done
Event: 6734.273 Executing VM operation: RendezvousGCThreads
Event: 6734.273 Executing VM operation: RendezvousGCThreads done
Event: 6854.411 Executing VM operation: HandshakeAllThreads (HandshakeForDeflation)
Event: 6854.417 Executing VM operation: HandshakeAllThreads (HandshakeForDeflation) done
Event: 6854.417 Executing VM operation: RendezvousGCThreads
Event: 6854.417 Executing VM operation: RendezvousGCThreads done
Event: 7395.419 Executing VM operation: HandshakeAllThreads (HandshakeForDeflation)
Event: 7395.429 Executing VM operation: HandshakeAllThreads (HandshakeForDeflation) done
Event: 7395.429 Executing VM operation: RendezvousGCThreads
Event: 7395.429 Executing VM operation: RendezvousGCThreads done
Event: 7635.673 Executing VM operation: HandshakeAllThreads (HandshakeForDeflation)
Event: 7635.680 Executing VM operation: HandshakeAllThreads (HandshakeForDeflation) done
Event: 7635.680 Executing VM operation: RendezvousGCThreads
Event: 7635.680 Executing VM operation: RendezvousGCThreads done

Memory protections (0 events):
No events

Nmethod flushes (20 events):
Event: 6235.925 Thread 0x0000022eec41c050 flushing  nmethod 0x0000022ef254b310
Event: 6235.925 Thread 0x0000022eec41c050 flushing  nmethod 0x0000022ef259d290
Event: 6235.925 Thread 0x0000022eec41c050 flushing  nmethod 0x0000022ef259e090
Event: 6235.925 Thread 0x0000022eec41c050 flushing  nmethod 0x0000022ef25a3190
Event: 6235.925 Thread 0x0000022eec41c050 flushing  nmethod 0x0000022ef25c5010
Event: 6235.925 Thread 0x0000022eec41c050 flushing  nmethod 0x0000022ef25dc910
Event: 6235.925 Thread 0x0000022eec41c050 flushing  nmethod 0x0000022ef25fcd90
Event: 6235.925 Thread 0x0000022eec41c050 flushing  nmethod 0x0000022ef2615990
Event: 6235.925 Thread 0x0000022eec41c050 flushing  nmethod 0x0000022ef2615f90
Event: 6235.925 Thread 0x0000022eec41c050 flushing  nmethod 0x0000022ef2617210
Event: 6235.925 Thread 0x0000022eec41c050 flushing  nmethod 0x0000022ef269b990
Event: 6235.925 Thread 0x0000022eec41c050 flushing  nmethod 0x0000022ef26c1e90
Event: 6235.925 Thread 0x0000022eec41c050 flushing  nmethod 0x0000022ef26c4790
Event: 6235.925 Thread 0x0000022eec41c050 flushing  nmethod 0x0000022ef26e7590
Event: 6235.925 Thread 0x0000022eec41c050 flushing  nmethod 0x0000022ef27a0890
Event: 6235.925 Thread 0x0000022eec41c050 flushing  nmethod 0x0000022ef27bb790
Event: 6235.925 Thread 0x0000022eec41c050 flushing  nmethod 0x0000022ef27d1d90
Event: 6235.925 Thread 0x0000022eec41c050 flushing  nmethod 0x0000022ef27d2410
Event: 6235.925 Thread 0x0000022eec41c050 flushing  nmethod 0x0000022ef27e8110
Event: 6235.926 Thread 0x0000022eec41c050 flushing  nmethod 0x0000022ef27e9d90

Events (20 events):
Event: 6367.377 Thread 0x0000022ecc850200 Thread added: 0x0000022ecc84e7c0
Event: 6367.385 Thread 0x0000022ecc850200 Thread exited: 0x0000022ecc850200
Event: 6367.394 Thread 0x0000022ecc84e7c0 Thread exited: 0x0000022ecc84e7c0
Event: 6369.639 Thread 0x0000022eca385fa0 Thread added: 0x0000022ecc850200
Event: 6369.639 Thread 0x0000022ecc850200 Thread exited: 0x0000022ecc850200
Event: 6370.534 Thread 0x0000022eca385fa0 Thread added: 0x0000022ecc84e7c0
Event: 6370.932 Thread 0x0000022ecc84c6f0 Thread added: 0x0000022ecc852960
Event: 6421.840 Thread 0x0000022eca383ed0 Thread exited: 0x0000022eca383ed0
Event: 6430.733 Thread 0x0000022ecc84e7c0 Thread exited: 0x0000022ecc84e7c0
Event: 6433.426 Thread 0x0000022ecc852960 Thread exited: 0x0000022ecc852960
Event: 6533.777 Thread 0x0000022ec9a05520 Thread exited: 0x0000022ec9a05520
Event: 6670.317 Thread 0x0000022eca388d90 Thread exited: 0x0000022eca388d90
Event: 6671.369 Thread 0x0000022eca385fa0 Thread added: 0x0000022ecc850200
Event: 6671.386 Thread 0x0000022ecc850200 Thread added: 0x0000022ecc84e7c0
Event: 6671.395 Thread 0x0000022ecc850200 Thread exited: 0x0000022ecc850200
Event: 6671.397 Thread 0x0000022ecc84e7c0 Thread exited: 0x0000022ecc84e7c0
Event: 6671.598 Thread 0x0000022eca385fa0 Thread added: 0x0000022ecc850200
Event: 6671.600 Thread 0x0000022ecc850200 Thread exited: 0x0000022ecc850200
Event: 6671.780 Thread 0x0000022ecc84c6f0 Thread added: 0x0000022ecc850200
Event: 7581.640 Thread 0x0000022eca385fa0 Thread exited: 0x0000022eca385fa0


Dynamic libraries:
0x00007ff79e860000 - 0x00007ff79e86e000 	c:\Users\SAMSUNG\.vscode\extensions\redhat.java-1.50.0-win32-x64\jre\21.0.9-win32-x86_64\bin\java.exe
0x00007ffe62c00000 - 0x00007ffe62e67000 	C:\WINDOWS\SYSTEM32\ntdll.dll
0x00007ffe61a80000 - 0x00007ffe61b49000 	C:\WINDOWS\System32\KERNEL32.DLL
0x00007ffe5ff30000 - 0x00007ffe6031f000 	C:\WINDOWS\System32\KERNELBASE.dll
0x00007ffe607a0000 - 0x00007ffe608eb000 	C:\WINDOWS\System32\ucrtbase.dll
0x00007ffe369a0000 - 0x00007ffe369b8000 	c:\Users\SAMSUNG\.vscode\extensions\redhat.java-1.50.0-win32-x64\jre\21.0.9-win32-x86_64\bin\jli.dll
0x00007ffe61b50000 - 0x00007ffe61d15000 	C:\WINDOWS\System32\USER32.dll
0x00007ffe604b0000 - 0x00007ffe604d7000 	C:\WINDOWS\System32\win32u.dll
0x00007ffe609a0000 - 0x00007ffe609cb000 	C:\WINDOWS\System32\GDI32.dll
0x00007ffe5fe00000 - 0x00007ffe5ff2c000 	C:\WINDOWS\System32\gdi32full.dll
0x00007ffe608f0000 - 0x00007ffe60993000 	C:\WINDOWS\System32\msvcp_win.dll
0x00007ffe36730000 - 0x00007ffe3674e000 	c:\Users\SAMSUNG\.vscode\extensions\redhat.java-1.50.0-win32-x64\jre\21.0.9-win32-x86_64\bin\VCRUNTIME140.dll
0x00007ffe4a1a0000 - 0x00007ffe4a433000 	C:\WINDOWS\WinSxS\amd64_microsoft.windows.common-controls_6595b64144ccf1df_6.0.26100.7309_none_3e05feeae336a044\COMCTL32.dll
0x00007ffe61860000 - 0x00007ffe61909000 	C:\WINDOWS\System32\msvcrt.dll
0x00007ffe611b0000 - 0x00007ffe611e1000 	C:\WINDOWS\System32\IMM32.DLL
0x00007ffe47650000 - 0x00007ffe4765c000 	c:\Users\SAMSUNG\.vscode\extensions\redhat.java-1.50.0-win32-x64\jre\21.0.9-win32-x86_64\bin\vcruntime140_1.dll
0x00007ffe07140000 - 0x00007ffe071cd000 	c:\Users\SAMSUNG\.vscode\extensions\redhat.java-1.50.0-win32-x64\jre\21.0.9-win32-x86_64\bin\msvcp140.dll
0x00007ffdb9460000 - 0x00007ffdba200000 	c:\Users\SAMSUNG\.vscode\extensions\redhat.java-1.50.0-win32-x64\jre\21.0.9-win32-x86_64\bin\server\jvm.dll
0x00007ffe62090000 - 0x00007ffe62144000 	C:\WINDOWS\System32\ADVAPI32.dll
0x00007ffe62990000 - 0x00007ffe62a36000 	C:\WINDOWS\System32\sechost.dll
0x00007ffe62a40000 - 0x00007ffe62b58000 	C:\WINDOWS\System32\RPCRT4.dll
0x00007ffe61720000 - 0x00007ffe61794000 	C:\WINDOWS\System32\WS2_32.dll
0x00007ffe5fbb0000 - 0x00007ffe5fc0e000 	C:\WINDOWS\SYSTEM32\POWRPROF.dll
0x00007ffe47f00000 - 0x00007ffe47f35000 	C:\WINDOWS\SYSTEM32\WINMM.dll
0x00007ffe4c310000 - 0x00007ffe4c31b000 	C:\WINDOWS\SYSTEM32\VERSION.dll
0x00007ffe5fb90000 - 0x00007ffe5fba4000 	C:\WINDOWS\SYSTEM32\UMPDC.dll
0x00007ffe5eb00000 - 0x00007ffe5eb1b000 	C:\WINDOWS\SYSTEM32\kernel.appcore.dll
0x00007ffe47530000 - 0x00007ffe4753a000 	c:\Users\SAMSUNG\.vscode\extensions\redhat.java-1.50.0-win32-x64\jre\21.0.9-win32-x86_64\bin\jimage.dll
0x00007ffe5d480000 - 0x00007ffe5d6c2000 	C:\WINDOWS\SYSTEM32\DBGHELP.DLL
0x00007ffe611f0000 - 0x00007ffe61575000 	C:\WINDOWS\System32\combase.dll
0x00007ffe628a0000 - 0x00007ffe62976000 	C:\WINDOWS\System32\OLEAUT32.dll
0x00007ffe40be0000 - 0x00007ffe40c1c000 	C:\WINDOWS\SYSTEM32\dbgcore.DLL
0x00007ffe5fd50000 - 0x00007ffe5fdf5000 	C:\WINDOWS\System32\bcryptPrimitives.dll
0x00007ffe457b0000 - 0x00007ffe457bf000 	c:\Users\SAMSUNG\.vscode\extensions\redhat.java-1.50.0-win32-x64\jre\21.0.9-win32-x86_64\bin\instrument.dll
0x00007ffe36710000 - 0x00007ffe36730000 	c:\Users\SAMSUNG\.vscode\extensions\redhat.java-1.50.0-win32-x64\jre\21.0.9-win32-x86_64\bin\java.dll
0x00007ffe60a50000 - 0x00007ffe611a3000 	C:\WINDOWS\System32\SHELL32.dll
0x00007ffe60630000 - 0x00007ffe6079a000 	C:\WINDOWS\System32\wintypes.dll
0x00007ffe5d950000 - 0x00007ffe5e1ae000 	C:\WINDOWS\SYSTEM32\windows.storage.dll
0x00007ffe61f00000 - 0x00007ffe61ff5000 	C:\WINDOWS\System32\SHCORE.dll
0x00007ffe615b0000 - 0x00007ffe61616000 	C:\WINDOWS\System32\shlwapi.dll
0x00007ffe5fc70000 - 0x00007ffe5fc99000 	C:\WINDOWS\SYSTEM32\profapi.dll
0x00007ffe362d0000 - 0x00007ffe362e8000 	c:\Users\SAMSUNG\.vscode\extensions\redhat.java-1.50.0-win32-x64\jre\21.0.9-win32-x86_64\bin\zip.dll
0x00007ffe45710000 - 0x00007ffe45720000 	C:\Users\SAMSUNG\.vscode\extensions\redhat.java-1.50.0-win32-x64\jre\21.0.9-win32-x86_64\bin\net.dll
0x00007ffe4ff30000 - 0x00007ffe50058000 	C:\WINDOWS\SYSTEM32\WINHTTP.dll
0x00007ffe5f070000 - 0x00007ffe5f0db000 	C:\WINDOWS\system32\mswsock.dll
0x00007ffe362b0000 - 0x00007ffe362c6000 	C:\Users\SAMSUNG\.vscode\extensions\redhat.java-1.50.0-win32-x64\jre\21.0.9-win32-x86_64\bin\nio.dll
0x00007ffe3eaf0000 - 0x00007ffe3eb00000 	c:\Users\SAMSUNG\.vscode\extensions\redhat.java-1.50.0-win32-x64\jre\21.0.9-win32-x86_64\bin\verify.dll
0x00007ffe296d0000 - 0x00007ffe29714000 	C:\Users\SAMSUNG\AppData\Roaming\Code\User\globalStorage\redhat.java\1.50.0\config_win\org.eclipse.equinox.launcher\org.eclipse.equinox.launcher.win32.win32.x86_64_1.2.1400.v20250801-0854\eclipse_11916.dll
0x00007ffe61d20000 - 0x00007ffe61eb7000 	C:\WINDOWS\System32\ole32.dll
0x00007ffe5f330000 - 0x00007ffe5f34b000 	C:\WINDOWS\SYSTEM32\CRYPTSP.dll
0x00007ffe5ea60000 - 0x00007ffe5ea9a000 	C:\WINDOWS\system32\rsaenh.dll
0x00007ffe5f120000 - 0x00007ffe5f14b000 	C:\WINDOWS\SYSTEM32\USERENV.dll
0x00007ffe5fc40000 - 0x00007ffe5fc6a000 	C:\WINDOWS\SYSTEM32\bcrypt.dll
0x00007ffe5f350000 - 0x00007ffe5f35c000 	C:\WINDOWS\SYSTEM32\CRYPTBASE.dll
0x00007ffe5e5a0000 - 0x00007ffe5e5d4000 	C:\WINDOWS\SYSTEM32\IPHLPAPI.DLL
0x00007ffe62080000 - 0x00007ffe6208a000 	C:\WINDOWS\System32\NSI.dll
0x00007ffdfed80000 - 0x00007ffdfedc9000 	C:\Users\SAMSUNG\AppData\Local\Temp\jna--1712043046\jna3246473907107446157.dll
0x00007ffe61ec0000 - 0x00007ffe61ec8000 	C:\WINDOWS\System32\PSAPI.DLL
0x00007ffe520b0000 - 0x00007ffe520ce000 	C:\WINDOWS\SYSTEM32\dhcpcsvc6.DLL
0x00007ffe51da0000 - 0x00007ffe51dc3000 	C:\WINDOWS\SYSTEM32\dhcpcsvc.DLL
0x00007ffe39a40000 - 0x00007ffe39a4e000 	C:\Users\SAMSUNG\.vscode\extensions\redhat.java-1.50.0-win32-x64\jre\21.0.9-win32-x86_64\bin\sunmscapi.dll
0x00007ffe60330000 - 0x00007ffe604a7000 	C:\WINDOWS\System32\CRYPT32.dll
0x00007ffe5f550000 - 0x00007ffe5f580000 	C:\WINDOWS\SYSTEM32\ncrypt.dll
0x00007ffe5f500000 - 0x00007ffe5f53f000 	C:\WINDOWS\SYSTEM32\NTASN1.dll
0x00007ffe5e5e0000 - 0x00007ffe5e70c000 	C:\WINDOWS\SYSTEM32\DNSAPI.dll
0x00007ffe4ec10000 - 0x00007ffe4ec1b000 	C:\Windows\System32\rasadhlp.dll
0x00007ffe52140000 - 0x00007ffe521c6000 	C:\WINDOWS\System32\fwpuclnt.dll
0x00007ffe3bbb0000 - 0x00007ffe3bbb9000 	C:\Users\SAMSUNG\.vscode\extensions\redhat.java-1.50.0-win32-x64\jre\21.0.9-win32-x86_64\bin\extnet.dll
0x00007ffe4d760000 - 0x00007ffe4d768000 	C:\WINDOWS\system32\wshunix.dll

JVMTI agents:
c:\Users\SAMSUNG\.vscode\extensions\redhat.java-1.50.0-win32-x64\lombok\lombok-1.18.39-4050.jar path:c:\Users\SAMSUNG\.vscode\extensions\redhat.java-1.50.0-win32-x64\jre\21.0.9-win32-x86_64\bin\instrument.dll, loaded, initialized, instrumentlib options:none

dbghelp: loaded successfully - version: 4.0.5 - missing functions: none
symbol engine: initialized successfully - sym options: 0x614 - pdb path: .;c:\Users\SAMSUNG\.vscode\extensions\redhat.java-1.50.0-win32-x64\jre\21.0.9-win32-x86_64\bin;C:\WINDOWS\SYSTEM32;C:\WINDOWS\WinSxS\amd64_microsoft.windows.common-controls_6595b64144ccf1df_6.0.26100.7309_none_3e05feeae336a044;c:\Users\SAMSUNG\.vscode\extensions\redhat.java-1.50.0-win32-x64\jre\21.0.9-win32-x86_64\bin\server;C:\Users\SAMSUNG\AppData\Roaming\Code\User\globalStorage\redhat.java\1.50.0\config_win\org.eclipse.equinox.launcher\org.eclipse.equinox.launcher.win32.win32.x86_64_1.2.1400.v20250801-0854;C:\Users\SAMSUNG\AppData\Local\Temp\jna--1712043046

VM Arguments:
jvm_args: --add-modules=ALL-SYSTEM --add-opens=java.base/java.util=ALL-UNNAMED --add-opens=java.base/java.lang=ALL-UNNAMED --add-opens=java.base/sun.nio.fs=ALL-UNNAMED -Declipse.application=org.eclipse.jdt.ls.core.id1 -Dosgi.bundles.defaultStartLevel=4 -Declipse.product=org.eclipse.jdt.ls.core.product -Djava.import.generatesMetadataFilesAtProjectRoot=false -DDetectVMInstallationsJob.disabled=true -Dfile.encoding=utf8 -XX:+UseParallelGC -XX:GCTimeRatio=4 -XX:AdaptiveSizePolicyWeight=90 -Dsun.zip.disableMemoryMapping=true -Xmx2G -Xms100m -Xlog:disable -javaagent:c:\Users\SAMSUNG\.vscode\extensions\redhat.java-1.50.0-win32-x64\lombok\lombok-1.18.39-4050.jar -XX:+HeapDumpOnOutOfMemoryError -XX:HeapDumpPath=c:\Users\SAMSUNG\AppData\Roaming\Code\User\workspaceStorage\90747b7c18997dcb387cb3be2aa4228b\redhat.java -Daether.dependencyCollector.impl=bf 
java_command: c:\Users\SAMSUNG\.vscode\extensions\redhat.java-1.50.0-win32-x64\server\plugins\org.eclipse.equinox.launcher_1.7.100.v20251111-0406.jar -configuration c:\Users\SAMSUNG\AppData\Roaming\Code\User\globalStorage\redhat.java\1.50.0\config_win -data c:\Users\SAMSUNG\AppData\Roaming\Code\User\workspaceStorage\90747b7c18997dcb387cb3be2aa4228b\redhat.java\jdt_ws --pipe=\\.\pipe\lsp-0b0d23e289990934141649adbcd52160-sock
java_class_path (initial): c:\Users\SAMSUNG\.vscode\extensions\redhat.java-1.50.0-win32-x64\server\plugins\org.eclipse.equinox.launcher_1.7.100.v20251111-0406.jar
Launcher Type: SUN_STANDARD

[Global flags]
    uintx AdaptiveSizePolicyWeight                 = 90                                        {product} {command line}
     intx CICompilerCount                          = 3                                         {product} {ergonomic}
    uintx GCTimeRatio                              = 4                                         {product} {command line}
     bool HeapDumpOnOutOfMemoryError               = true                                   {manageable} {command line}
    ccstr HeapDumpPath                             = c:\Users\SAMSUNG\AppData\Roaming\Code\User\workspaceStorage\90747b7c18997dcb387cb3be2aa4228b\redhat.java         {manageable} {command line}
   size_t InitialHeapSize                          = 104857600                                 {product} {command line}
   size_t MaxHeapSize                              = 2147483648                                {product} {command line}
   size_t MaxNewSize                               = 715653120                                 {product} {ergonomic}
   size_t MinHeapDeltaBytes                        = 524288                                    {product} {ergonomic}
   size_t MinHeapSize                              = 104857600                                 {product} {command line}
   size_t NewSize                                  = 34603008                                  {product} {ergonomic}
    uintx NonNMethodCodeHeapSize                   = 5832780                                {pd product} {ergonomic}
    uintx NonProfiledCodeHeapSize                  = 122912730                              {pd product} {ergonomic}
   size_t OldSize                                  = 70254592                                  {product} {ergonomic}
    uintx ProfiledCodeHeapSize                     = 122912730                              {pd product} {ergonomic}
    uintx ReservedCodeCacheSize                    = 251658240                              {pd product} {ergonomic}
     bool SegmentedCodeCache                       = true                                      {product} {ergonomic}
   size_t SoftMaxHeapSize                          = 2147483648                             {manageable} {ergonomic}
     bool UseCompressedOops                        = true                           {product lp64_product} {ergonomic}
     bool UseLargePagesIndividualAllocation        = false                                  {pd product} {ergonomic}
     bool UseParallelGC                            = true                                      {product} {command line}

Logging:
Log output configuration:
 #0: stdout all=off uptime,level,tags foldmultilines=false
 #1: stderr all=off uptime,level,tags foldmultilines=false

Release file:
JAVA_VERSION="21.0.9" 
MODULES="java.base java.compiler java.datatransfer java.xml java.prefs java.desktop java.instrument java.logging java.management java.security.sasl java.naming java.rmi java.management.rmi java.net.http java.scripting java.security.jgss java.transaction.xa java.sql java.sql.rowset java.xml.crypto java.se java.smartcardio jdk.accessibility jdk.internal.jvmstat jdk.attach jdk.charsets jdk.internal.opt jdk.zipfs jdk.compiler jdk.crypto.ec jdk.crypto.cryptoki jdk.crypto.mscapi jdk.dynalink jdk.internal.ed jdk.editpad jdk.hotspot.agent jdk.httpserver jdk.internal.le jdk.internal.vm.ci jdk.internal.vm.compiler jdk.internal.vm.compiler.management jdk.jartool jdk.javadoc jdk.jcmd jdk.management jdk.management.agent jdk.jconsole jdk.jdeps jdk.jdwp.agent jdk.jdi jdk.jfr jdk.jshell jdk.jsobject jdk.jstatd jdk.localedata jdk.management.jfr jdk.naming.dns jdk.naming.rmi jdk.net jdk.nio.mapmode jdk.random jdk.sctp jdk.security.auth jdk.security.jgss jdk.unsupported jdk.unsupported.desktop jdk.xml.dom" 

Environment Variables:
PATH=C:\Program Files\Common Files\Oracle\Java\javapath;C:\WINDOWS\system32;C:\WINDOWS;C:\WINDOWS\System32\Wbem;C:\WINDOWS\System32\WindowsPowerShell\v1.0\;C:\WINDOWS\System32\OpenSSH\;C:\Program Files\Git\cmd;C:\Program Files\dotnet\;C:\Program Files\nodejs\;C:\Program Files\Maven\apache-maven-3.9.11\bin;C:\Users\SAMSUNG\AppData\Local\Programs\Python\Python313\Scripts\;C:\Users\SAMSUNG\AppData\Local\Programs\Python\Python313\;C:\Users\SAMSUNG\AppData\Local\Microsoft\WindowsApps;C:\Users\SAMSUNG\AppData\Local\Programs\Microsoft VS Code\bin;C:\Users\SAMSUNG\AppData\Local\GitHubDesktop\bin;C:\Users\SAMSUNG\AppData\Roaming\npm
USERNAME=SAMSUNG
OS=Windows_NT
PROCESSOR_IDENTIFIER=Intel64 Family 6 Model 140 Stepping 1, GenuineIntel
TMP=C:\Users\SAMSUNG\AppData\Local\Temp
TEMP=C:\Users\SAMSUNG\AppData\Local\Temp




Periodic native trim disabled

---------------  S Y S T E M  ---------------

OS:
 Windows 11 , 64 bit Build 26100 (10.0.26100.7309)
OS uptime: 1 days 3:40 hours
Hyper-V role detected

CPU: total 4 (initial active 4) (2 cores per cpu, 2 threads per core) family 6 model 140 stepping 1 microcode 0x8a, cx8, cmov, fxsr, ht, mmx, 3dnowpref, sse, sse2, sse3, ssse3, sse4.1, sse4.2, popcnt, lzcnt, tsc, tscinvbit, avx, avx2, aes, erms, clmul, bmi1, bmi2, adx, avx512f, avx512dq, avx512cd, avx512bw, avx512vl, sha, fma, vzeroupper, avx512_vpopcntdq, avx512_vpclmulqdq, avx512_vaes, avx512_vnni, clflush, clflushopt, clwb, avx512_vbmi2, avx512_vbmi, hv, rdtscp, rdpid, fsrm, gfni, avx512_bitalg, f16c, cet_ibt, cet_ss, avx512_ifma
Processor Information for the first 4 processors :
  Max Mhz: 2995, Current Mhz: 2995, Mhz Limit: 2995

Memory: 4k page, system-wide physical 3819M (95M free)
TotalPageFile size 15595M (AvailPageFile size 74M)
current process WorkingSet (physical memory assigned to process): 7M, peak: 421M
current process commit charge ("private bytes"): 570M, peak: 1761M

vm_info: OpenJDK 64-Bit Server VM (21.0.9+10-LTS) for windows-amd64 JRE (21.0.9+10-LTS), built on 2025-10-21T00:00:00Z by "admin" with unknown MS VC++:1942

END.
